#
# There is insufficient memory for the Java Runtime Environment to continue.
# Native memory allocation (mmap) failed to map 177209344 bytes for Failed to commit area from 0x00000000c8100000 to 0x00000000d2a00000 of length 177209344.
# Possible reasons:
#   The system is out of physical RAM or swap space
#   The process is running with CompressedOops enabled, and the Java Heap may be blocking the growth of the native heap
# Possible solutions:
#   Reduce memory load on the system
#   Increase physical memory or swap space
#   Check if swap backing store is full
#   Decrease Java heap size (-Xmx/-Xms)
#   Decrease number of Java threads
#   Decrease Java thread stack sizes (-Xss)
#   Set larger code cache with -XX:ReservedCodeCacheSize=
#   JVM is running with Unscaled Compressed Oops mode in which the Java heap is
#     placed in the first 4GB address space. The Java Heap base address is the
#     maximum limit for the native heap growth. Please use -XX:HeapBaseMinAddress
#     to set the Java Heap base and to place the Java Heap above 4GB virtual address.
# This output file may be truncated or incomplete.
#
#  Out of Memory Error (t:/workspace/open/src/hotspot/os/windows/os_windows.cpp:3269), pid=7416, tid=6368
#
# JRE version: OpenJDK Runtime Environment (11.0.2+9) (build 11.0.2+9)
# Java VM: OpenJDK 64-Bit Server VM (11.0.2+9, mixed mode, tiered, compressed oops, g1 gc, windows-amd64)
# No core dump will be written. Minidumps are not enabled by default on client versions of Windows
#

---------------  S U M M A R Y ------------

Command Line: -ea -agentlib:jdwp=transport=dt_shmem,address=javadebug -Dfile.encoding=UTF-8 bluej.runtime.ExecServer UTF-8

Host: Intel(R) Core(TM) m3-7Y30 CPU @ 1.00GHz, 4 cores, 3G,  Windows 10 , 64 bit Build 19041 (10.0.19041.928)
Time: Sun May 23 20:05:08 2021 Eastern Daylight Time elapsed time: 438 seconds (0d 0h 7m 18s)

---------------  T H R E A D  ---------------

Current thread (0x0000025fa18c9000):  VMThread "VM Thread" [stack: 0x000000c308100000,0x000000c308200000] [id=6368]

Stack: [0x000000c308100000,0x000000c308200000]
[error occurred during error reporting (printing stack bounds), id 0xc0000005, EXCEPTION_ACCESS_VIOLATION (0xc0000005) at pc=0x0000025f8d020bad]

Native frames: (J=compiled Java code, j=interpreted, Vv=VM code, C=native code)
V  [jvm.dll+0x63489a]
V  [jvm.dll+0x771f9f]
V  [jvm.dll+0x773648]
V  [jvm.dll+0x773c65]
V  [jvm.dll+0x773c1b]
V  [jvm.dll+0x633fa6]
V  [jvm.dll+0x634368]
C  [ntdll.dll+0xa217f]
C  [ntdll.dll+0x51454]
C  [ntdll.dll+0xa0cae]
C  0x0000025f8d020bad

VM_Operation (0x000000c3079fd790): G1CollectForAllocation, mode: safepoint, requested by thread 0x0000025fa3b8c000


---------------  P R O C E S S  ---------------

Threads class SMR info:
_java_thread_list=0x0000025fa3f542b0, length=37, elements={
0x0000025fa18ce800, 0x0000025fa18f8000, 0x0000025fa1951800, 0x0000025fa1952800,
0x0000025fa1953800, 0x0000025fa190e000, 0x0000025fa195b800, 0x0000025fa1bd5000,
0x0000025fa1bd6000, 0x0000025fa1beb800, 0x0000025fa1bd8000, 0x0000025fa1c0a000,
0x0000025fa1fed000, 0x0000025fa203f800, 0x0000025fa1fca800, 0x0000025f84cd1000,
0x0000025fa4c1f800, 0x0000025fa4330800, 0x0000025fa57a2800, 0x0000025fa4f2f000,
0x0000025fa3825800, 0x0000025fa3823000, 0x0000025fa3821800, 0x0000025fa3822800,
0x0000025fa3828000, 0x0000025fa3827800, 0x0000025fa3b8a800, 0x0000025fa3b8b800,
0x0000025fa3b8d000, 0x0000025fa3b8d800, 0x0000025fa3b88000, 0x0000025fa3b8f800,
0x0000025fa3b89800, 0x0000025fa3b95000, 0x0000025fa3b8c000, 0x0000025fa3b8e800,
0x0000025fa3b89000
}

Java Threads: ( => current thread )
  0x0000025fa18ce800 JavaThread "Reference Handler" daemon [_thread_blocked, id=3204, stack(0x000000c308200000,0x000000c308300000)]
  0x0000025fa18f8000 JavaThread "Finalizer" daemon [_thread_blocked, id=4528, stack(0x000000c308300000,0x000000c308400000)]
  0x0000025fa1951800 JavaThread "Signal Dispatcher" daemon [_thread_blocked, id=14228, stack(0x000000c308400000,0x000000c308500000)]
  0x0000025fa1952800 JavaThread "Attach Listener" daemon [_thread_blocked, id=5324, stack(0x000000c308500000,0x000000c308600000)]
  0x0000025fa1953800 JavaThread "C2 CompilerThread0" daemon [_thread_blocked, id=12440, stack(0x000000c308600000,0x000000c308700000)]
  0x0000025fa190e000 JavaThread "C1 CompilerThread0" daemon [_thread_blocked, id=12224, stack(0x000000c308700000,0x000000c308800000)]
  0x0000025fa195b800 JavaThread "Sweeper thread" daemon [_thread_blocked, id=1312, stack(0x000000c308800000,0x000000c308900000)]
  0x0000025fa1bd5000 JavaThread "JDWP Transport Listener: dt_shmem" daemon [_thread_blocked, id=12448, stack(0x000000c308900000,0x000000c308a00000)]
  0x0000025fa1bd6000 JavaThread "JDWP Event Helper Thread" daemon [_thread_blocked, id=3160, stack(0x000000c308a00000,0x000000c308b00000)]
  0x0000025fa1beb800 JavaThread "JDWP Command Reader" daemon [_thread_in_native, id=9204, stack(0x000000c308b00000,0x000000c308c00000)]
  0x0000025fa1bd8000 JavaThread "Service Thread" daemon [_thread_blocked, id=13420, stack(0x000000c308c00000,0x000000c308d00000)]
  0x0000025fa1c0a000 JavaThread "Common-Cleaner" daemon [_thread_blocked, id=17344, stack(0x000000c308e00000,0x000000c308f00000)]
  0x0000025fa1fed000 JavaThread "Java2D Disposer" daemon [_thread_blocked, id=2160, stack(0x000000c309000000,0x000000c309100000)]
  0x0000025fa203f800 JavaThread "AWT-Windows" daemon [_thread_in_native, id=16840, stack(0x000000c309200000,0x000000c309300000)]
  0x0000025fa1fca800 JavaThread "BlueJ worker thread" [_thread_blocked, id=5408, stack(0x000000c309400000,0x000000c309500000)]
  0x0000025f84cd1000 JavaThread "DestroyJavaVM" [_thread_blocked, id=10140, stack(0x000000c307b00000,0x000000c307c00000)]
  0x0000025fa4c1f800 JavaThread "Java Sound Event Dispatcher" daemon [_thread_blocked, id=6200, stack(0x000000c309c00000,0x000000c309d00000)]
  0x0000025fa4330800 JavaThread "JitterCorrector" daemon [_thread_blocked, id=16392, stack(0x000000c30a000000,0x000000c30a100000)]
  0x0000025fa57a2800 JavaThread "AudioPusher" daemon [_thread_blocked, id=15472, stack(0x000000c30a100000,0x000000c30a200000)]
  0x0000025fa4f2f000 JavaThread "Java Sound Sequencer" [_thread_blocked, id=16788, stack(0x000000c30a200000,0x000000c30a300000)]
  0x0000025fa3825800 JavaThread "QuantumRenderer-0" daemon [_thread_blocked, id=5288, stack(0x000000c30a600000,0x000000c30a700000)]
  0x0000025fa3823000 JavaThread "TimerQueue" daemon [_thread_blocked, id=13136, stack(0x000000c309b00000,0x000000c309c00000)]
  0x0000025fa3821800 JavaThread "JitterCorrector" daemon [_thread_blocked, id=15084, stack(0x000000c30a800000,0x000000c30a900000)]
  0x0000025fa3822800 JavaThread "AudioPusher" daemon [_thread_blocked, id=13648, stack(0x000000c30a900000,0x000000c30aa00000)]
  0x0000025fa3828000 JavaThread "Java Sound Sequencer" [_thread_blocked, id=3332, stack(0x000000c30aa00000,0x000000c30ab00000)]
  0x0000025fa3827800 JavaThread "JitterCorrector" daemon [_thread_blocked, id=2108, stack(0x000000c309500000,0x000000c309600000)]
  0x0000025fa3b8a800 JavaThread "AudioPusher" daemon [_thread_blocked, id=3280, stack(0x000000c30a500000,0x000000c30a600000)]
  0x0000025fa3b8b800 JavaThread "Java Sound Sequencer" [_thread_blocked, id=11568, stack(0x000000c30a700000,0x000000c30a800000)]
  0x0000025fa3b8d000 JavaThread "JitterCorrector" daemon [_thread_blocked, id=8920, stack(0x000000c309300000,0x000000c309400000)]
  0x0000025fa3b8d800 JavaThread "AudioPusher" daemon [_thread_blocked, id=10492, stack(0x000000c30a300000,0x000000c30a400000)]
  0x0000025fa3b88000 JavaThread "Java Sound Sequencer" [_thread_blocked, id=3564, stack(0x000000c30ab00000,0x000000c30ac00000)]
  0x0000025fa3b8f800 JavaThread "JitterCorrector" daemon [_thread_blocked, id=12636, stack(0x000000c30ac00000,0x000000c30ad00000)]
  0x0000025fa3b89800 JavaThread "AudioPusher" daemon [_thread_blocked, id=15176, stack(0x000000c30ad00000,0x000000c30ae00000)]
  0x0000025fa3b95000 JavaThread "Java Sound Sequencer" [_thread_blocked, id=12788, stack(0x000000c30ae00000,0x000000c30af00000)]
  0x0000025fa3b8c000 JavaThread "main" [_thread_blocked, id=1200, stack(0x000000c307900000,0x000000c307a00000)]
  0x0000025fa3b8e800 JavaThread "AWT-Shutdown" [_thread_blocked, id=4044, stack(0x000000c307a00000,0x000000c307b00000)]
  0x0000025fa3b89000 JavaThread "AWT-EventQueue-0" [_thread_blocked, id=9628, stack(0x000000c30b000000,0x000000c30b100000)]

Other Threads:
=>0x0000025fa18c9000 VMThread "VM Thread" [stack: 0x000000c308100000,0x000000c308200000] [id=6368]
  0x0000025fa1bd8800 WatcherThread [stack: 0x000000c308d00000,0x000000c308e00000] [id=7544]
  0x0000025f84ce8000 GCTaskThread "GC Thread#0" [stack: 0x000000c307c00000,0x000000c307d00000] [id=10180]
  0x0000025fa2238000 GCTaskThread "GC Thread#1" [stack: 0x000000c309700000,0x000000c309800000] [id=16900]
  0x0000025fa2239000 GCTaskThread "GC Thread#2" [stack: 0x000000c309800000,0x000000c309900000] [id=15608]
  0x0000025fa2616800 GCTaskThread "GC Thread#3" [stack: 0x000000c309900000,0x000000c309a00000] [id=14796]
  0x0000025f84d05800 ConcurrentGCThread "G1 Main Marker" [stack: 0x000000c307d00000,0x000000c307e00000] [id=288]
  0x0000025f84d07800 ConcurrentGCThread "G1 Conc#0" [stack: 0x000000c307e00000,0x000000c307f00000] [id=12268]
  0x0000025f84d51800 ConcurrentGCThread "G1 Refine#0" [stack: 0x000000c307f00000,0x000000c308000000] [id=196]
  0x0000025fa1d46800 ConcurrentGCThread "G1 Refine#1" [stack: 0x000000c309a00000,0x000000c309b00000] [id=9424]
  0x0000025f84d52800 ConcurrentGCThread "G1 Young RemSet Sampling" [stack: 0x000000c308000000,0x000000c308100000] [id=5080]

Threads with active compile tasks:

VM state:at safepoint (normal execution)

VM Mutex/Monitor currently owned by a thread:  ([mutex/lock_event])
[0x0000025f84ccf330] Threads_lock - owner thread: 0x0000025fa18c9000
[0x0000025f84ccff00] Heap_lock - owner thread: 0x0000025fa3b8c000

Heap address: 0x00000000c2000000, size: 992 MB, Compressed Oops mode: 32-bit
Narrow klass base: 0x0000000000000000, Narrow klass shift: 3
Compressed class space size: 1073741824 Address: 0x0000000100000000

Heap:
 garbage-first heap   total 272384K, used 94999K [0x00000000c2000000, 0x0000000100000000)
  region size 1024K, 1 young (1024K), 1 survivors (1024K)
 Metaspace       used 26035K, capacity 27126K, committed 27388K, reserved 1073152K
  class space    used 3231K, capacity 3627K, committed 3660K, reserved 1048576K
Heap Regions: E=young(eden), S=young(survivor), O=old, HS=humongous(starts), HC=humongous(continues), CS=collection set, F=free, A=archive, TAMS=top-at-mark-start (previous, next)
|   0|0x00000000c2000000, 0x00000000c2100000, 0x00000000c2100000|100%| O|  |TAMS 0x00000000c2100000, 0x00000000c2100000| Untracked 
|   1|0x00000000c2100000, 0x00000000c2200000, 0x00000000c2200000|100%| O|  |TAMS 0x00000000c2200000, 0x00000000c2200000| Untracked 
|   2|0x00000000c2200000, 0x00000000c2300000, 0x00000000c2300000|100%| O|  |TAMS 0x00000000c2300000, 0x00000000c2300000| Untracked 
|   3|0x00000000c2300000, 0x00000000c2400000, 0x00000000c2400000|100%| O|  |TAMS 0x00000000c2400000, 0x00000000c2400000| Untracked 
|   4|0x00000000c2400000, 0x00000000c2500000, 0x00000000c2500000|100%| O|  |TAMS 0x00000000c2500000, 0x00000000c2500000| Untracked 
|   5|0x00000000c2500000, 0x00000000c2600000, 0x00000000c2600000|100%| O|  |TAMS 0x00000000c2600000, 0x00000000c2600000| Untracked 
|   6|0x00000000c2600000, 0x00000000c2700000, 0x00000000c2700000|100%| O|  |TAMS 0x00000000c2700000, 0x00000000c2700000| Untracked 
|   7|0x00000000c2700000, 0x00000000c2800000, 0x00000000c2800000|100%| O|  |TAMS 0x00000000c2800000, 0x00000000c2800000| Untracked 
|   8|0x00000000c2800000, 0x00000000c2900000, 0x00000000c2900000|100%| O|  |TAMS 0x00000000c2900000, 0x00000000c2900000| Untracked 
|   9|0x00000000c2900000, 0x00000000c2a00000, 0x00000000c2a00000|100%| O|  |TAMS 0x00000000c2a00000, 0x00000000c2a00000| Untracked 
|  10|0x00000000c2a00000, 0x00000000c2b00000, 0x00000000c2b00000|100%| O|  |TAMS 0x00000000c2b00000, 0x00000000c2b00000| Untracked 
|  11|0x00000000c2b00000, 0x00000000c2c00000, 0x00000000c2c00000|100%| O|  |TAMS 0x00000000c2c00000, 0x00000000c2c00000| Untracked 
|  12|0x00000000c2c00000, 0x00000000c2d00000, 0x00000000c2d00000|100%| O|  |TAMS 0x00000000c2d00000, 0x00000000c2d00000| Untracked 
|  13|0x00000000c2d00000, 0x00000000c2e00000, 0x00000000c2e00000|100%| O|  |TAMS 0x00000000c2e00000, 0x00000000c2e00000| Untracked 
|  14|0x00000000c2e00000, 0x00000000c2f00000, 0x00000000c2f00000|100%| O|  |TAMS 0x00000000c2f00000, 0x00000000c2f00000| Untracked 
|  15|0x00000000c2f00000, 0x00000000c3000000, 0x00000000c3000000|100%| O|  |TAMS 0x00000000c3000000, 0x00000000c3000000| Untracked 
|  16|0x00000000c3000000, 0x00000000c3100000, 0x00000000c3100000|100%| O|  |TAMS 0x00000000c3100000, 0x00000000c3100000| Untracked 
|  17|0x00000000c3100000, 0x00000000c3200000, 0x00000000c3200000|100%| O|  |TAMS 0x00000000c3200000, 0x00000000c3200000| Untracked 
|  18|0x00000000c3200000, 0x00000000c3300000, 0x00000000c3300000|100%| O|  |TAMS 0x00000000c3300000, 0x00000000c3300000| Untracked 
|  19|0x00000000c3300000, 0x00000000c3400000, 0x00000000c3400000|100%| O|  |TAMS 0x00000000c3400000, 0x00000000c3400000| Untracked 
|  20|0x00000000c3400000, 0x00000000c3500000, 0x00000000c3500000|100%| O|  |TAMS 0x00000000c3500000, 0x00000000c3500000| Untracked 
|  21|0x00000000c3500000, 0x00000000c3600000, 0x00000000c3600000|100%| O|  |TAMS 0x00000000c3600000, 0x00000000c3600000| Untracked 
|  22|0x00000000c3600000, 0x00000000c3700000, 0x00000000c3700000|100%| O|  |TAMS 0x00000000c3700000, 0x00000000c3700000| Untracked 
|  23|0x00000000c3700000, 0x00000000c3800000, 0x00000000c3800000|100%| O|  |TAMS 0x00000000c3800000, 0x00000000c3800000| Untracked 
|  24|0x00000000c3800000, 0x00000000c3900000, 0x00000000c3900000|100%| O|  |TAMS 0x00000000c3900000, 0x00000000c3900000| Untracked 
|  25|0x00000000c3900000, 0x00000000c3a00000, 0x00000000c3a00000|100%| O|  |TAMS 0x00000000c3a00000, 0x00000000c3a00000| Untracked 
|  26|0x00000000c3a00000, 0x00000000c3b00000, 0x00000000c3b00000|100%| O|  |TAMS 0x00000000c3b00000, 0x00000000c3b00000| Untracked 
|  27|0x00000000c3b00000, 0x00000000c3c00000, 0x00000000c3c00000|100%| O|  |TAMS 0x00000000c3c00000, 0x00000000c3c00000| Untracked 
|  28|0x00000000c3c00000, 0x00000000c3d00000, 0x00000000c3d00000|100%| O|  |TAMS 0x00000000c3d00000, 0x00000000c3d00000| Untracked 
|  29|0x00000000c3d00000, 0x00000000c3e00000, 0x00000000c3e00000|100%| O|  |TAMS 0x00000000c3e00000, 0x00000000c3e00000| Untracked 
|  30|0x00000000c3e00000, 0x00000000c3f00000, 0x00000000c3f00000|100%| O|  |TAMS 0x00000000c3f00000, 0x00000000c3f00000| Untracked 
|  31|0x00000000c3f00000, 0x00000000c4000000, 0x00000000c4000000|100%| O|  |TAMS 0x00000000c4000000, 0x00000000c4000000| Untracked 
|  32|0x00000000c4000000, 0x00000000c4100000, 0x00000000c4100000|100%| O|  |TAMS 0x00000000c4100000, 0x00000000c4100000| Untracked 
|  33|0x00000000c4100000, 0x00000000c4200000, 0x00000000c4200000|100%|HS|  |TAMS 0x00000000c4200000, 0x00000000c4200000| Complete 
|  34|0x00000000c4200000, 0x00000000c4300000, 0x00000000c4300000|100%|HC|  |TAMS 0x00000000c4300000, 0x00000000c4300000| Complete 
|  35|0x00000000c4300000, 0x00000000c4400000, 0x00000000c4400000|100%|HC|  |TAMS 0x00000000c4400000, 0x00000000c4400000| Complete 
|  36|0x00000000c4400000, 0x00000000c4500000, 0x00000000c4500000|100%|HC|  |TAMS 0x00000000c4500000, 0x00000000c4500000| Complete 
|  37|0x00000000c4500000, 0x00000000c4600000, 0x00000000c4600000|100%|HC|  |TAMS 0x00000000c4600000, 0x00000000c4600000| Complete 
|  38|0x00000000c4600000, 0x00000000c4700000, 0x00000000c4700000|100%|HC|  |TAMS 0x00000000c4700000, 0x00000000c4700000| Complete 
|  39|0x00000000c4700000, 0x00000000c4800000, 0x00000000c4800000|100%| O|  |TAMS 0x00000000c4800000, 0x00000000c4800000| Untracked 
|  40|0x00000000c4800000, 0x00000000c4900000, 0x00000000c4900000|100%| O|  |TAMS 0x00000000c4900000, 0x00000000c4900000| Untracked 
|  41|0x00000000c4900000, 0x00000000c4a00000, 0x00000000c4a00000|100%| O|  |TAMS 0x00000000c4a00000, 0x00000000c4a00000| Untracked 
|  42|0x00000000c4a00000, 0x00000000c4b00000, 0x00000000c4b00000|100%| O|  |TAMS 0x00000000c4b00000, 0x00000000c4b00000| Untracked 
|  43|0x00000000c4b00000, 0x00000000c4c00000, 0x00000000c4c00000|100%| O|  |TAMS 0x00000000c4c00000, 0x00000000c4c00000| Untracked 
|  44|0x00000000c4c00000, 0x00000000c4d00000, 0x00000000c4d00000|100%| O|  |TAMS 0x00000000c4d00000, 0x00000000c4d00000| Untracked 
|  45|0x00000000c4d00000, 0x00000000c4e00000, 0x00000000c4e00000|100%| O|  |TAMS 0x00000000c4e00000, 0x00000000c4e00000| Untracked 
|  46|0x00000000c4e00000, 0x00000000c4f00000, 0x00000000c4f00000|100%| O|  |TAMS 0x00000000c4f00000, 0x00000000c4f00000| Untracked 
|  47|0x00000000c4f00000, 0x00000000c5000000, 0x00000000c5000000|100%| O|  |TAMS 0x00000000c5000000, 0x00000000c5000000| Untracked 
|  48|0x00000000c5000000, 0x00000000c5100000, 0x00000000c5100000|100%| O|  |TAMS 0x00000000c5100000, 0x00000000c5100000| Untracked 
|  49|0x00000000c5100000, 0x00000000c5200000, 0x00000000c5200000|100%| O|  |TAMS 0x00000000c5200000, 0x00000000c5200000| Untracked 
|  50|0x00000000c5200000, 0x00000000c5300000, 0x00000000c5300000|100%| O|  |TAMS 0x00000000c5300000, 0x00000000c5300000| Untracked 
|  51|0x00000000c5300000, 0x00000000c5400000, 0x00000000c5400000|100%| O|  |TAMS 0x00000000c5400000, 0x00000000c5400000| Untracked 
|  52|0x00000000c5400000, 0x00000000c5500000, 0x00000000c5500000|100%| O|  |TAMS 0x00000000c5500000, 0x00000000c5500000| Untracked 
|  53|0x00000000c5500000, 0x00000000c5600000, 0x00000000c5600000|100%| O|  |TAMS 0x00000000c5600000, 0x00000000c5600000| Untracked 
|  54|0x00000000c5600000, 0x00000000c5700000, 0x00000000c5700000|100%| O|  |TAMS 0x00000000c5700000, 0x00000000c5700000| Untracked 
|  55|0x00000000c5700000, 0x00000000c5800000, 0x00000000c5800000|100%| O|  |TAMS 0x00000000c5800000, 0x00000000c5800000| Untracked 
|  56|0x00000000c5800000, 0x00000000c5900000, 0x00000000c5900000|100%| O|  |TAMS 0x00000000c5900000, 0x00000000c5900000| Untracked 
|  57|0x00000000c5900000, 0x00000000c5a00000, 0x00000000c5a00000|100%| O|  |TAMS 0x00000000c5a00000, 0x00000000c5a00000| Untracked 
|  58|0x00000000c5a00000, 0x00000000c5b00000, 0x00000000c5b00000|100%| O|  |TAMS 0x00000000c5b00000, 0x00000000c5b00000| Untracked 
|  59|0x00000000c5b00000, 0x00000000c5c00000, 0x00000000c5c00000|100%| O|  |TAMS 0x00000000c5c00000, 0x00000000c5c00000| Untracked 
|  60|0x00000000c5c00000, 0x00000000c5d00000, 0x00000000c5d00000|100%| O|  |TAMS 0x00000000c5c16000, 0x00000000c5d00000| Untracked 
|  61|0x00000000c5d00000, 0x00000000c5e00000, 0x00000000c5e00000|100%| O|  |TAMS 0x00000000c5d00000, 0x00000000c5e00000| Untracked 
|  62|0x00000000c5e00000, 0x00000000c5f00000, 0x00000000c5f00000|100%| O|  |TAMS 0x00000000c5f00000, 0x00000000c5f00000| Untracked 
|  63|0x00000000c5f00000, 0x00000000c6000000, 0x00000000c6000000|100%| O|  |TAMS 0x00000000c6000000, 0x00000000c6000000| Untracked 
|  64|0x00000000c6000000, 0x00000000c6100000, 0x00000000c6100000|100%| O|  |TAMS 0x00000000c6100000, 0x00000000c6100000| Untracked 
|  65|0x00000000c6100000, 0x00000000c6200000, 0x00000000c6200000|100%| O|  |TAMS 0x00000000c6200000, 0x00000000c6200000| Untracked 
|  66|0x00000000c6200000, 0x00000000c6300000, 0x00000000c6300000|100%| O|  |TAMS 0x00000000c6300000, 0x00000000c6300000| Untracked 
|  67|0x00000000c6300000, 0x00000000c6400000, 0x00000000c6400000|100%| O|  |TAMS 0x00000000c6400000, 0x00000000c6400000| Untracked 
|  68|0x00000000c6400000, 0x00000000c6500000, 0x00000000c6500000|100%| O|  |TAMS 0x00000000c6500000, 0x00000000c6500000| Untracked 
|  69|0x00000000c6500000, 0x00000000c6600000, 0x00000000c6600000|100%| O|  |TAMS 0x00000000c6600000, 0x00000000c6600000| Untracked 
|  70|0x00000000c6600000, 0x00000000c6700000, 0x00000000c6700000|100%| O|  |TAMS 0x00000000c6600000, 0x00000000c6700000| Untracked 
|  71|0x00000000c6700000, 0x00000000c6800000, 0x00000000c6800000|100%| O|  |TAMS 0x00000000c6700000, 0x00000000c6800000| Untracked 
|  72|0x00000000c6800000, 0x00000000c6900000, 0x00000000c6900000|100%| O|  |TAMS 0x00000000c6900000, 0x00000000c6900000| Untracked 
|  73|0x00000000c6900000, 0x00000000c6a00000, 0x00000000c6a00000|100%| O|  |TAMS 0x00000000c6a00000, 0x00000000c6a00000| Untracked 
|  74|0x00000000c6a00000, 0x00000000c6b00000, 0x00000000c6b00000|100%| O|  |TAMS 0x00000000c6a00000, 0x00000000c6a00000| Untracked 
|  75|0x00000000c6b00000, 0x00000000c6c00000, 0x00000000c6c00000|100%| O|  |TAMS 0x00000000c6b00000, 0x00000000c6b00000| Untracked 
|  76|0x00000000c6c00000, 0x00000000c6d00000, 0x00000000c6d00000|100%| O|  |TAMS 0x00000000c6d00000, 0x00000000c6d00000| Untracked 
|  77|0x00000000c6d00000, 0x00000000c6e00000, 0x00000000c6e00000|100%| O|  |TAMS 0x00000000c6d00000, 0x00000000c6e00000| Untracked 
|  78|0x00000000c6e00000, 0x00000000c6f00000, 0x00000000c6f00000|100%| O|  |TAMS 0x00000000c6e00000, 0x00000000c6f00000| Untracked 
|  79|0x00000000c6f00000, 0x00000000c7000000, 0x00000000c7000000|100%| O|  |TAMS 0x00000000c6f00000, 0x00000000c7000000| Untracked 
|  80|0x00000000c7000000, 0x00000000c7100000, 0x00000000c7100000|100%| O|  |TAMS 0x00000000c7000000, 0x00000000c7100000| Untracked 
|  81|0x00000000c7100000, 0x00000000c7200000, 0x00000000c7200000|100%| O|  |TAMS 0x00000000c7100000, 0x00000000c7200000| Untracked 
|  82|0x00000000c7200000, 0x00000000c7300000, 0x00000000c7300000|100%| O|  |TAMS 0x00000000c7200000, 0x00000000c7300000| Untracked 
|  83|0x00000000c7300000, 0x00000000c7300000, 0x00000000c7400000|  0%| F|  |TAMS 0x00000000c7300000, 0x00000000c7300000| Untracked 
|  84|0x00000000c7400000, 0x00000000c74d61d0, 0x00000000c7500000| 83%| S|CS|TAMS 0x00000000c7400000, 0x00000000c7400000| Complete 
|  85|0x00000000c7500000, 0x00000000c7500000, 0x00000000c7600000|  0%| F|  |TAMS 0x00000000c7500000, 0x00000000c7500000| Untracked 
|  86|0x00000000c7600000, 0x00000000c7600000, 0x00000000c7700000|  0%| F|  |TAMS 0x00000000c7600000, 0x00000000c7600000| Untracked 
|  87|0x00000000c7700000, 0x00000000c7700000, 0x00000000c7800000|  0%| F|  |TAMS 0x00000000c7700000, 0x00000000c7700000| Untracked 
|  88|0x00000000c7800000, 0x00000000c7900000, 0x00000000c7900000|100%| O|  |TAMS 0x00000000c7800000, 0x00000000c7900000| Untracked 
|  89|0x00000000c7900000, 0x00000000c7a00000, 0x00000000c7a00000|100%| O|  |TAMS 0x00000000c7900000, 0x00000000c7a00000| Untracked 
|  90|0x00000000c7a00000, 0x00000000c7b00000, 0x00000000c7b00000|100%| O|  |TAMS 0x00000000c7a00000, 0x00000000c7b00000| Untracked 
|  91|0x00000000c7b00000, 0x00000000c7c00000, 0x00000000c7c00000|100%| O|  |TAMS 0x00000000c7b00000, 0x00000000c7c00000| Untracked 
|  92|0x00000000c7c00000, 0x00000000c7d00000, 0x00000000c7d00000|100%| O|  |TAMS 0x00000000c7c00000, 0x00000000c7d00000| Untracked 
|  93|0x00000000c7d00000, 0x00000000c7e00000, 0x00000000c7e00000|100%| O|  |TAMS 0x00000000c7d00000, 0x00000000c7e00000| Untracked 
|  94|0x00000000c7e00000, 0x00000000c7f00000, 0x00000000c7f00000|100%| O|  |TAMS 0x00000000c7e00000, 0x00000000c7e57a00| Untracked 
|  95|0x00000000c7f00000, 0x00000000c8000000, 0x00000000c8000000|100%| O|  |TAMS 0x00000000c7f00000, 0x00000000c7f00000| Untracked 
|  96|0x00000000c8000000, 0x00000000c80efe00, 0x00000000c8100000| 93%| O|  |TAMS 0x00000000c8000000, 0x00000000c8000000| Untracked 

Card table byte_map: [0x0000025f9c840000,0x0000025f9ca30000] _byte_map_base: 0x0000025f9c230000

Marking Bits (Prev, Next): (CMBitMap*) 0x0000025f84d00c70, (CMBitMap*) 0x0000025f84d00c38
 Prev Bits: [0x0000025f9dba0000, 0x0000025f9eb20000)
 Next Bits: [0x0000025f9cc20000, 0x0000025f9dba0000)

Polling page: 0x0000025f84dc0000

Metaspace:

Usage:
  Non-class:     22.95 MB capacity,    22.27 MB ( 97%) used,   601.29 KB (  3%) free+waste,    94.31 KB ( <1%) overhead. 
      Class:      3.54 MB capacity,     3.16 MB ( 89%) used,   348.19 KB ( 10%) free+waste,    46.88 KB (  1%) overhead. 
       Both:     26.49 MB capacity,    25.43 MB ( 96%) used,   949.48 KB (  4%) free+waste,   141.19 KB ( <1%) overhead. 

Virtual space:
  Non-class space:       24.00 MB reserved,      23.17 MB ( 97%) committed 
      Class space:        1.00 GB reserved,       3.57 MB ( <1%) committed 
             Both:        1.02 GB reserved,      26.75 MB (  3%) committed 

Chunk freelists:
   Non-Class:  4.63 KB
       Class:  2.63 KB
        Both:  7.25 KB

CodeHeap 'non-profiled nmethods': size=120064Kb used=3273Kb max_used=3273Kb free=116791Kb
 bounds [0x0000025f94ae0000, 0x0000025f94e20000, 0x0000025f9c020000]
CodeHeap 'profiled nmethods': size=120000Kb used=9091Kb max_used=9091Kb free=110908Kb
 bounds [0x0000025f8d5b0000, 0x0000025f8dea0000, 0x0000025f94ae0000]
CodeHeap 'non-nmethods': size=5696Kb used=1365Kb max_used=1458Kb free=4330Kb
 bounds [0x0000025f8d020000, 0x0000025f8d290000, 0x0000025f8d5b0000]
 total_blobs=6784 nmethods=4015 adapters=604
 compilation: enabled
              stopped_count=0, restarted_count=0
 full_count=0

Compilation events (10 events):
Event: 438.030 Thread 0x0000025fa190e000 nmethod 4777 0x0000025f94e10e90 code [0x0000025f94e11040, 0x0000025f94e11158]
Event: 438.034 Thread 0x0000025fa1953800 nmethod 4772 0x0000025f94e11210 code [0x0000025f94e113c0, 0x0000025f94e11638]
Event: 438.034 Thread 0x0000025fa1953800 4773       4       com.sun.media.sound.ModelInstrumentComparator::compare (107 bytes)
Event: 438.043 Thread 0x0000025fa1953800 nmethod 4773 0x0000025f94e11890 code [0x0000025f94e11a40, 0x0000025f94e11cf8]
Event: 438.043 Thread 0x0000025fa1953800 4774       4       com.sun.media.sound.ModelIdentifier::<init> (30 bytes)
Event: 438.046 Thread 0x0000025fa1953800 nmethod 4774 0x0000025f94e11f10 code [0x0000025f94e120a0, 0x0000025f94e12238]
Event: 438.046 Thread 0x0000025fa1953800 4775       4       com.sun.media.sound.ModelSource::<init> (22 bytes)
Event: 438.051 Thread 0x0000025fa1953800 nmethod 4775 0x0000025f94e12290 code [0x0000025f94e12420, 0x0000025f94e12618]
Event: 438.051 Thread 0x0000025fa1953800 4776       4       com.sun.media.sound.SoftPerformer$2::<init> (23 bytes)
Event: 438.053 Thread 0x0000025fa1953800 nmethod 4776 0x0000025f94e12690 code [0x0000025f94e12820, 0x0000025f94e12958]

GC Heap History (10 events):
Event: 438.051 GC heap after
{Heap after GC invocations=84 (full 0):
 garbage-first heap   total 97280K, used 92834K [0x00000000c2000000, 0x0000000100000000)
  region size 1024K, 1 young (1024K), 1 survivors (1024K)
 Metaspace       used 26035K, capacity 27126K, committed 27388K, reserved 1073152K
  class space    used 3231K, capacity 3627K, committed 3660K, reserved 1048576K
}
Event: 438.058 GC heap before
{Heap before GC invocations=84 (full 0):
 garbage-first heap   total 97280K, used 95906K [0x00000000c2000000, 0x0000000100000000)
  region size 1024K, 4 young (4096K), 1 survivors (1024K)
 Metaspace       used 26035K, capacity 27126K, committed 27388K, reserved 1073152K
  class space    used 3231K, capacity 3627K, committed 3660K, reserved 1048576K
}
Event: 438.060 GC heap after
{Heap after GC invocations=85 (full 0):
 garbage-first heap   total 98304K, used 93289K [0x00000000c2000000, 0x0000000100000000)
  region size 1024K, 1 young (1024K), 1 survivors (1024K)
 Metaspace       used 26035K, capacity 27126K, committed 27388K, reserved 1073152K
  class space    used 3231K, capacity 3627K, committed 3660K, reserved 1048576K
}
Event: 438.067 GC heap before
{Heap before GC invocations=85 (full 0):
 garbage-first heap   total 98304K, used 96361K [0x00000000c2000000, 0x0000000100000000)
  region size 1024K, 4 young (4096K), 1 survivors (1024K)
 Metaspace       used 26035K, capacity 27126K, committed 27388K, reserved 1073152K
  class space    used 3231K, capacity 3627K, committed 3660K, reserved 1048576K
}
Event: 438.071 GC heap after
{Heap after GC invocations=86 (full 0):
 garbage-first heap   total 98304K, used 93700K [0x00000000c2000000, 0x0000000100000000)
  region size 1024K, 1 young (1024K), 1 survivors (1024K)
 Metaspace       used 26035K, capacity 27126K, committed 27388K, reserved 1073152K
  class space    used 3231K, capacity 3627K, committed 3660K, reserved 1048576K
}
Event: 438.078 GC heap before
{Heap before GC invocations=86 (full 0):
 garbage-first heap   total 98304K, used 96772K [0x00000000c2000000, 0x0000000100000000)
  region size 1024K, 4 young (4096K), 1 survivors (1024K)
 Metaspace       used 26035K, capacity 27126K, committed 27388K, reserved 1073152K
  class space    used 3231K, capacity 3627K, committed 3660K, reserved 1048576K
}
Event: 438.080 GC heap after
{Heap after GC invocations=87 (full 0):
 garbage-first heap   total 99328K, used 94125K [0x00000000c2000000, 0x0000000100000000)
  region size 1024K, 1 young (1024K), 1 survivors (1024K)
 Metaspace       used 26035K, capacity 27126K, committed 27388K, reserved 1073152K
  class space    used 3231K, capacity 3627K, committed 3660K, reserved 1048576K
}
Event: 438.085 GC heap before
{Heap before GC invocations=87 (full 0):
 garbage-first heap   total 99328K, used 97197K [0x00000000c2000000, 0x0000000100000000)
  region size 1024K, 4 young (4096K), 1 survivors (1024K)
 Metaspace       used 26035K, capacity 27126K, committed 27388K, reserved 1073152K
  class space    used 3231K, capacity 3627K, committed 3660K, reserved 1048576K
}
Event: 438.087 GC heap after
{Heap after GC invocations=88 (full 0):
 garbage-first heap   total 99328K, used 94537K [0x00000000c2000000, 0x0000000100000000)
  region size 1024K, 1 young (1024K), 1 survivors (1024K)
 Metaspace       used 26035K, capacity 27126K, committed 27388K, reserved 1073152K
  class space    used 3231K, capacity 3627K, committed 3660K, reserved 1048576K
}
Event: 438.092 GC heap before
{Heap before GC invocations=88 (full 0):
 garbage-first heap   total 99328K, used 97609K [0x00000000c2000000, 0x0000000100000000)
  region size 1024K, 4 young (4096K), 1 survivors (1024K)
 Metaspace       used 26035K, capacity 27126K, committed 27388K, reserved 1073152K
  class space    used 3231K, capacity 3627K, committed 3660K, reserved 1048576K
}

Deoptimization events (10 events):
Event: 221.864 Thread 0x0000025fa3b8c000 Uncommon trap: reason=unstable_if action=reinterpret pc=0x0000025f94d04b8c method=java.beans.PropertyChangeSupport.firePropertyChange(Ljava/lang/String;Ljava/lang/Object;Ljava/lang/Object;)V @ 13 c2
Event: 226.889 Thread 0x0000025fa3b8c000 Uncommon trap: reason=speculate_class_check action=maybe_recompile pc=0x0000025f94deea24 method=java.util.Hashtable.addEntry(ILjava/lang/Object;Ljava/lang/Object;I)V @ 18 c2
Event: 417.644 Thread 0x0000025fa4330800 Uncommon trap: reason=unstable_if action=reinterpret pc=0x0000025f94d67f44 method=com.sun.media.sound.SoftJitterCorrector$JitterStream.commit()V @ 31 c2
Event: 417.648 Thread 0x0000025fa3b8d000 Uncommon trap: reason=unstable_if action=reinterpret pc=0x0000025f94d6b2d8 method=com.sun.media.sound.SoftJitterCorrector$JitterStream.commit()V @ 31 c2
Event: 417.653 Thread 0x0000025fa3821800 Uncommon trap: reason=unstable_if action=reinterpret pc=0x0000025f94d6b2d8 method=com.sun.media.sound.SoftJitterCorrector$JitterStream.commit()V @ 31 c2
Event: 417.654 Thread 0x0000025fa3827800 Uncommon trap: reason=unstable_if action=reinterpret pc=0x0000025f94d67f44 method=com.sun.media.sound.SoftJitterCorrector$JitterStream.commit()V @ 31 c2
Event: 417.665 Thread 0x0000025fa3b8f800 Uncommon trap: reason=unstable_if action=reinterpret pc=0x0000025f94db4824 method=com.sun.media.sound.SoftJitterCorrector$JitterStream$1.run()V @ 303 c2
Event: 437.920 Thread 0x0000025fa3b8c000 Uncommon trap: reason=speculate_class_check action=maybe_recompile pc=0x0000025f94deea24 method=java.util.Hashtable.addEntry(ILjava/lang/Object;Ljava/lang/Object;I)V @ 18 c2
Event: 437.920 Thread 0x0000025fa3b8c000 Uncommon trap: reason=speculate_class_check action=maybe_recompile pc=0x0000025f94deea24 method=java.util.Hashtable.addEntry(ILjava/lang/Object;Ljava/lang/Object;I)V @ 18 c2
Event: 437.921 Thread 0x0000025fa3b8c000 Uncommon trap: reason=speculate_class_check action=maybe_recompile pc=0x0000025f94deea24 method=java.util.Hashtable.addEntry(ILjava/lang/Object;Ljava/lang/Object;I)V @ 18 c2

Classes redefined (0 events):
No events

Internal exceptions (10 events):
Event: 238.296 Thread 0x0000025fa3b8c000 Exception <a 'java/lang/ClassCastException'{0x00000000c75d06d0}> (0x00000000c75d06d0) thrown at [t:/workspace/open/src/hotspot/share/runtime/sharedRuntime.cpp, line 584]
Event: 238.296 Thread 0x0000025fa3b8c000 Exception <a 'java/lang/ClassCastException'{0x00000000c75d0d28}> (0x00000000c75d0d28) thrown at [t:/workspace/open/src/hotspot/share/runtime/sharedRuntime.cpp, line 584]
Event: 238.296 Thread 0x0000025fa3b8c000 Exception <a 'java/lang/ClassCastException'{0x00000000c75d1380}> (0x00000000c75d1380) thrown at [t:/workspace/open/src/hotspot/share/runtime/sharedRuntime.cpp, line 584]
Event: 238.297 Thread 0x0000025fa3b8c000 Exception <a 'java/lang/ClassCastException'{0x00000000c75d54b0}> (0x00000000c75d54b0) thrown at [t:/workspace/open/src/hotspot/share/runtime/sharedRuntime.cpp, line 584]
Event: 238.297 Thread 0x0000025fa3b8c000 Exception <a 'java/lang/ClassCastException'{0x00000000c75d6a40}> (0x00000000c75d6a40) thrown at [t:/workspace/open/src/hotspot/share/runtime/sharedRuntime.cpp, line 584]
Event: 238.297 Thread 0x0000025fa3b8c000 Exception <a 'java/lang/ClassCastException'{0x00000000c75d7f70}> (0x00000000c75d7f70) thrown at [t:/workspace/open/src/hotspot/share/runtime/sharedRuntime.cpp, line 584]
Event: 238.297 Thread 0x0000025fa3b8c000 Exception <a 'java/lang/ClassCastException'{0x00000000c75d9778}> (0x00000000c75d9778) thrown at [t:/workspace/open/src/hotspot/share/runtime/sharedRuntime.cpp, line 584]
Event: 238.297 Thread 0x0000025fa3b8c000 Exception <a 'java/lang/ClassCastException'{0x00000000c75dacd8}> (0x00000000c75dacd8) thrown at [t:/workspace/open/src/hotspot/share/runtime/sharedRuntime.cpp, line 584]
Event: 437.858 Thread 0x0000025fa3b8c000 Exception <a 'java/security/PrivilegedActionException'{0x00000000c76772d0}> (0x00000000c76772d0) thrown at [t:/workspace/open/src/hotspot/share/prims/jvm.cpp, line 1307]
Event: 437.858 Thread 0x0000025fa3b8c000 Exception <a 'java/security/PrivilegedActionException'{0x00000000c76775a0}> (0x00000000c76775a0) thrown at [t:/workspace/open/src/hotspot/share/prims/jvm.cpp, line 1307]

Events (10 events):
Event: 438.051 Executing VM operation: G1CollectForAllocation done
Event: 438.058 Executing VM operation: G1CollectForAllocation
Event: 438.060 Executing VM operation: G1CollectForAllocation done
Event: 438.066 Executing VM operation: G1CollectForAllocation
Event: 438.071 Executing VM operation: G1CollectForAllocation done
Event: 438.078 Executing VM operation: G1CollectForAllocation
Event: 438.080 Executing VM operation: G1CollectForAllocation done
Event: 438.085 Executing VM operation: G1CollectForAllocation
Event: 438.087 Executing VM operation: G1CollectForAllocation done
Event: 438.092 Executing VM operation: G1CollectForAllocation


Dynamic libraries:
0x00007ff76b440000 - 0x00007ff76b485000 	C:\Program Files\BlueJ\jdk\bin\java.exe
0x00007ffa01f90000 - 0x00007ffa02185000 	C:\WINDOWS\SYSTEM32\ntdll.dll
0x00007ffa01d30000 - 0x00007ffa01ded000 	C:\WINDOWS\System32\KERNEL32.DLL
0x00007ff9ffb90000 - 0x00007ff9ffe58000 	C:\WINDOWS\System32\KERNELBASE.dll
0x00007ffa00f80000 - 0x00007ffa01120000 	C:\WINDOWS\System32\USER32.dll
0x00007ff9ff750000 - 0x00007ff9ff772000 	C:\WINDOWS\System32\win32u.dll
0x00007ffa000f0000 - 0x00007ffa0011a000 	C:\WINDOWS\System32\GDI32.dll
0x00007ff9ff930000 - 0x00007ff9ffa3b000 	C:\WINDOWS\System32\gdi32full.dll
0x00007ff9ff780000 - 0x00007ff9ff81d000 	C:\WINDOWS\System32\msvcp_win.dll
0x00007ff9ffa40000 - 0x00007ff9ffb40000 	C:\WINDOWS\System32\ucrtbase.dll
0x00007ff9ecf10000 - 0x00007ff9ed1aa000 	C:\WINDOWS\WinSxS\amd64_microsoft.windows.common-controls_6595b64144ccf1df_6.0.19041.844_none_ca00b6081b84eb1d\COMCTL32.dll
0x00007ffa01b70000 - 0x00007ffa01c0e000 	C:\WINDOWS\System32\msvcrt.dll
0x00007ffa00180000 - 0x00007ffa001b0000 	C:\WINDOWS\System32\IMM32.DLL
0x00007ff9f85c0000 - 0x00007ff9f85d6000 	C:\Program Files\BlueJ\jdk\bin\vcruntime140.dll
0x00007ff9deff0000 - 0x00007ff9df09a000 	C:\Program Files\BlueJ\jdk\bin\msvcp140.dll
0x00007ff9b3ca0000 - 0x00007ff9b47c3000 	C:\Program Files\BlueJ\jdk\bin\server\jvm.dll
0x00007ffa011e0000 - 0x00007ffa0128c000 	C:\WINDOWS\System32\ADVAPI32.dll
0x00007ffa01df0000 - 0x00007ffa01e8b000 	C:\WINDOWS\System32\sechost.dll
0x00007ffa00df0000 - 0x00007ffa00f1b000 	C:\WINDOWS\System32\RPCRT4.dll
0x00007ffa01e90000 - 0x00007ffa01e98000 	C:\WINDOWS\System32\PSAPI.DLL
0x00007ff9eb450000 - 0x00007ff9eb459000 	C:\WINDOWS\SYSTEM32\WSOCK32.dll
0x00007ff9d6510000 - 0x00007ff9d6537000 	C:\WINDOWS\SYSTEM32\WINMM.dll
0x00007ffa01290000 - 0x00007ffa012fb000 	C:\WINDOWS\System32\WS2_32.dll
0x00007ff9f93e0000 - 0x00007ff9f93ea000 	C:\WINDOWS\SYSTEM32\VERSION.dll
0x00007ff9fdfd0000 - 0x00007ff9fdfe2000 	C:\WINDOWS\SYSTEM32\kernel.appcore.dll
0x00007ff9f6620000 - 0x00007ff9f6631000 	C:\Program Files\BlueJ\jdk\bin\verify.dll
0x00007ff9fdcb0000 - 0x00007ff9fde94000 	C:\WINDOWS\SYSTEM32\DBGHELP.DLL
0x00007ff9f8150000 - 0x00007ff9f817c000 	C:\WINDOWS\SYSTEM32\dbgcore.DLL
0x00007ff9ff6d0000 - 0x00007ff9ff750000 	C:\WINDOWS\System32\bcryptPrimitives.dll
0x00007ff9f65f0000 - 0x00007ff9f6618000 	C:\Program Files\BlueJ\jdk\bin\java.dll
0x00007ff9f9a00000 - 0x00007ff9f9a37000 	C:\Program Files\BlueJ\jdk\bin\jdwp.dll
0x00007ff9f65d0000 - 0x00007ff9f65e6000 	C:\Program Files\BlueJ\jdk\bin\zip.dll
0x00007ff9f85b0000 - 0x00007ff9f85ba000 	C:\Program Files\BlueJ\jdk\bin\jimage.dll
0x00007ffa001b0000 - 0x00007ffa008f2000 	C:\WINDOWS\System32\SHELL32.dll
0x00007ff9fd450000 - 0x00007ff9fdbe0000 	C:\WINDOWS\SYSTEM32\windows.storage.dll
0x00007ffa01300000 - 0x00007ffa01655000 	C:\WINDOWS\System32\combase.dll
0x00007ff9ff070000 - 0x00007ff9ff09c000 	C:\WINDOWS\SYSTEM32\Wldp.dll
0x00007ffa01130000 - 0x00007ffa011de000 	C:\WINDOWS\System32\SHCORE.dll
0x00007ffa00900000 - 0x00007ffa00955000 	C:\WINDOWS\System32\shlwapi.dll
0x00007ff9ff610000 - 0x00007ff9ff62f000 	C:\WINDOWS\SYSTEM32\profapi.dll
0x00007ff9f68e0000 - 0x00007ff9f68eb000 	C:\Program Files\BlueJ\jdk\bin\dt_shmem.dll
0x00007ff9f4850000 - 0x00007ff9f4869000 	C:\Program Files\BlueJ\jdk\bin\net.dll
0x00007ff9fa4e0000 - 0x00007ff9fa5eb000 	C:\WINDOWS\SYSTEM32\WINHTTP.dll
0x00007ff9f3e70000 - 0x00007ff9f405e000 	C:\WINDOWS\SYSTEM32\urlmon.dll
0x00007ff9f3ba0000 - 0x00007ff9f3e50000 	C:\WINDOWS\SYSTEM32\iertutil.dll
0x00007ff9fede0000 - 0x00007ff9fee4a000 	C:\WINDOWS\system32\mswsock.dll
0x00007ff9f4830000 - 0x00007ff9f4843000 	C:\Program Files\BlueJ\jdk\bin\nio.dll
0x00007ff9d88c0000 - 0x00007ff9d8a5e000 	C:\Program Files\BlueJ\jdk\bin\awt.dll
0x00007ffa01890000 - 0x00007ffa0195d000 	C:\WINDOWS\System32\OLEAUT32.dll
0x00007ff9fb2b0000 - 0x00007ff9fb870000 	C:\WINDOWS\SYSTEM32\d2d1.dll
0x00007ff9fc520000 - 0x00007ff9fc5b0000 	C:\WINDOWS\SYSTEM32\apphelp.dll
0x00007ff9fc600000 - 0x00007ff9fc69e000 	C:\WINDOWS\system32\uxtheme.dll
0x00007ffa01c10000 - 0x00007ffa01d25000 	C:\WINDOWS\System32\MSCTF.dll
0x00007ffa01a40000 - 0x00007ffa01b6a000 	C:\WINDOWS\System32\ole32.dll
0x00007ff9fcaa0000 - 0x00007ff9fcacf000 	C:\WINDOWS\system32\DWMAPI.DLL
0x00007ff9d2ec0000 - 0x00007ff9d2fe6000 	C:\WINDOWS\system32\opengl32.dll
0x00007ff9d2e50000 - 0x00007ff9d2e7c000 	C:\WINDOWS\SYSTEM32\GLU32.dll
0x00007ff9e82b0000 - 0x00007ff9e8330000 	C:\Program Files\BlueJ\jdk\bin\freetype.dll
0x00007ff9e7e70000 - 0x00007ff9e7edf000 	C:\Program Files\BlueJ\jdk\bin\fontmanager.dll
0x00007ff9f9360000 - 0x00007ff9f9372000 	C:\Program Files\BlueJ\jdk\bin\jsound.dll
0x00007ff9e2bb0000 - 0x00007ff9e2c4c000 	C:\WINDOWS\SYSTEM32\DSOUND.dll
0x00007ff9ff540000 - 0x00007ff9ff58b000 	C:\WINDOWS\SYSTEM32\powrprof.dll
0x00007ff9e2b80000 - 0x00007ff9e2ba6000 	C:\WINDOWS\SYSTEM32\winmmbase.dll
0x00007ff9ff520000 - 0x00007ff9ff532000 	C:\WINDOWS\SYSTEM32\UMPDC.dll
0x00007ff9f99f0000 - 0x00007ff9f99f9000 	C:\Program Files\BlueJ\jdk\bin\prefs.dll
0x00007ffa01ea0000 - 0x00007ffa01f49000 	C:\WINDOWS\System32\clbcatq.dll
0x00007ff9f77e0000 - 0x00007ff9f7865000 	C:\WINDOWS\System32\MMDevApi.dll
0x00007ff9ff410000 - 0x00007ff9ff43c000 	C:\WINDOWS\System32\DEVOBJ.dll
0x00007ff9ffb40000 - 0x00007ff9ffb8e000 	C:\WINDOWS\System32\cfgmgr32.dll
0x00007ff9bedb0000 - 0x00007ff9bedf6000 	C:\WINDOWS\SYSTEM32\wdmaud.drv
0x00007ff9c5a90000 - 0x00007ff9c5a99000 	C:\WINDOWS\SYSTEM32\ksuser.dll
0x00007ff9f9280000 - 0x00007ff9f928a000 	C:\WINDOWS\SYSTEM32\AVRT.dll
0x00007ff9f6730000 - 0x00007ff9f68b1000 	C:\WINDOWS\SYSTEM32\AUDIOSES.DLL
0x00007ff9c5a80000 - 0x00007ff9c5a8d000 	C:\WINDOWS\SYSTEM32\msacm32.drv
0x00007ff9c5a60000 - 0x00007ff9c5a7e000 	C:\WINDOWS\SYSTEM32\MSACM32.dll
0x00007ff9beb90000 - 0x00007ff9beb9b000 	C:\WINDOWS\SYSTEM32\midimap.dll
0x00007ff9fca80000 - 0x00007ff9fca94000 	C:\WINDOWS\SYSTEM32\resourcepolicyclient.dll
0x00007ff9f24d0000 - 0x00007ff9f2684000 	C:\WINDOWS\SYSTEM32\WindowsCodecs.dll
0x00007ff9ffe60000 - 0x00007ff9ffe87000 	C:\WINDOWS\System32\bcrypt.dll
0x00007ff9d1400000 - 0x00007ff9d143e000 	C:\WINDOWS\system32\dataexchange.dll
0x00007ff9fabe0000 - 0x00007ff9fae44000 	C:\WINDOWS\system32\d3d11.dll
0x00007ff9fbda0000 - 0x00007ff9fbf85000 	C:\WINDOWS\system32\dcomp.dll
0x00007ff9fe010000 - 0x00007ff9fe104000 	C:\WINDOWS\system32\dxgi.dll
0x00007ff9fa2d0000 - 0x00007ff9fa4d1000 	C:\WINDOWS\system32\twinapi.appcore.dll
0x00007ff9f40c0000 - 0x00007ff9f41b9000 	C:\WINDOWS\SYSTEM32\textinputframework.dll
0x00007ff9fc090000 - 0x00007ff9fc3ee000 	C:\WINDOWS\System32\CoreUIComponents.dll
0x00007ff9fbf90000 - 0x00007ff9fc082000 	C:\WINDOWS\System32\CoreMessaging.dll
0x00007ff9fe450000 - 0x00007ff9fe483000 	C:\WINDOWS\SYSTEM32\ntmarta.dll
0x00007ff9fb8c0000 - 0x00007ff9fba14000 	C:\WINDOWS\SYSTEM32\wintypes.dll
0x00007ff9f5280000 - 0x00007ff9f52e6000 	C:\WINDOWS\system32\Oleacc.dll
0x00007ff9f66e0000 - 0x00007ff9f66e9000 	C:\Program Files\BlueJ\jdk\bin\management.dll
0x00007ff9f66b0000 - 0x00007ff9f66bc000 	C:\Program Files\BlueJ\jdk\bin\management_ext.dll
0x00007ff9e7e50000 - 0x00007ff9e7e67000 	C:\WINDOWS\system32\napinsp.dll
0x00007ff9e3690000 - 0x00007ff9e36ab000 	C:\WINDOWS\system32\pnrpnsp.dll
0x00007ff9f8fa0000 - 0x00007ff9f8fb5000 	C:\WINDOWS\system32\wshbth.dll
0x00007ff9fa640000 - 0x00007ff9fa65d000 	C:\WINDOWS\system32\NLAapi.dll
0x00007ff9fead0000 - 0x00007ff9feb0b000 	C:\WINDOWS\SYSTEM32\IPHLPAPI.DLL
0x00007ff9feb10000 - 0x00007ff9febdc000 	C:\WINDOWS\SYSTEM32\DNSAPI.dll
0x00007ffa00050000 - 0x00007ffa00058000 	C:\WINDOWS\System32\NSI.dll
0x00007ff9e3570000 - 0x00007ff9e3582000 	C:\WINDOWS\System32\winrnr.dll
0x00007ff9f7150000 - 0x00007ff9f715a000 	C:\Windows\System32\rasadhlp.dll
0x00007ff9f69b0000 - 0x00007ff9f6a2f000 	C:\WINDOWS\System32\fwpuclnt.dll
0x0000025fa49a0000 - 0x0000025fa49a3000 	C:\Program Files\BlueJ\lib\javafx\bin\api-ms-win-core-console-l1-1-0.dll
0x0000025fa49b0000 - 0x0000025fa49b3000 	C:\Program Files\BlueJ\lib\javafx\bin\api-ms-win-core-datetime-l1-1-0.dll
0x0000025fa61e0000 - 0x0000025fa61e3000 	C:\Program Files\BlueJ\lib\javafx\bin\api-ms-win-core-debug-l1-1-0.dll
0x0000025fa61f0000 - 0x0000025fa61f3000 	C:\Program Files\BlueJ\lib\javafx\bin\api-ms-win-core-errorhandling-l1-1-0.dll
0x0000025fa6300000 - 0x0000025fa6304000 	C:\Program Files\BlueJ\lib\javafx\bin\api-ms-win-core-file-l1-1-0.dll
0x0000025fa6310000 - 0x0000025fa6313000 	C:\Program Files\BlueJ\lib\javafx\bin\api-ms-win-core-file-l1-2-0.dll
0x0000025fa6320000 - 0x0000025fa6323000 	C:\Program Files\BlueJ\lib\javafx\bin\api-ms-win-core-file-l2-1-0.dll
0x0000025fa6330000 - 0x0000025fa6333000 	C:\Program Files\BlueJ\lib\javafx\bin\api-ms-win-core-handle-l1-1-0.dll
0x0000025fa6340000 - 0x0000025fa6343000 	C:\Program Files\BlueJ\lib\javafx\bin\api-ms-win-core-heap-l1-1-0.dll
0x0000025fa6350000 - 0x0000025fa6353000 	C:\Program Files\BlueJ\lib\javafx\bin\api-ms-win-core-interlocked-l1-1-0.dll
0x0000025fa6360000 - 0x0000025fa6363000 	C:\Program Files\BlueJ\lib\javafx\bin\api-ms-win-core-libraryloader-l1-1-0.dll
0x0000025fa6470000 - 0x0000025fa6473000 	C:\Program Files\BlueJ\lib\javafx\bin\api-ms-win-core-localization-l1-2-0.dll
0x0000025fa6480000 - 0x0000025fa6483000 	C:\Program Files\BlueJ\lib\javafx\bin\api-ms-win-core-memory-l1-1-0.dll
0x0000025fa6490000 - 0x0000025fa6493000 	C:\Program Files\BlueJ\lib\javafx\bin\api-ms-win-core-namedpipe-l1-1-0.dll
0x0000025fa64a0000 - 0x0000025fa64a3000 	C:\Program Files\BlueJ\lib\javafx\bin\api-ms-win-core-processenvironment-l1-1-0.dll
0x0000025fa64b0000 - 0x0000025fa64b3000 	C:\Program Files\BlueJ\lib\javafx\bin\api-ms-win-core-processthreads-l1-1-0.dll
0x0000025fa64c0000 - 0x0000025fa64c3000 	C:\Program Files\BlueJ\lib\javafx\bin\api-ms-win-core-processthreads-l1-1-1.dll
0x0000025fa64d0000 - 0x0000025fa64d3000 	C:\Program Files\BlueJ\lib\javafx\bin\api-ms-win-core-profile-l1-1-0.dll
0x0000025fa64e0000 - 0x0000025fa64e3000 	C:\Program Files\BlueJ\lib\javafx\bin\api-ms-win-core-rtlsupport-l1-1-0.dll
0x0000025fa64f0000 - 0x0000025fa64f3000 	C:\Program Files\BlueJ\lib\javafx\bin\api-ms-win-core-string-l1-1-0.dll
0x0000025fa6500000 - 0x0000025fa6503000 	C:\Program Files\BlueJ\lib\javafx\bin\api-ms-win-core-synch-l1-1-0.dll
0x0000025fa6510000 - 0x0000025fa6513000 	C:\Program Files\BlueJ\lib\javafx\bin\api-ms-win-core-synch-l1-2-0.dll
0x0000025fa6520000 - 0x0000025fa6523000 	C:\Program Files\BlueJ\lib\javafx\bin\api-ms-win-core-sysinfo-l1-1-0.dll
0x0000025fa6530000 - 0x0000025fa6533000 	C:\Program Files\BlueJ\lib\javafx\bin\api-ms-win-core-timezone-l1-1-0.dll
0x0000025fa6540000 - 0x0000025fa6543000 	C:\Program Files\BlueJ\lib\javafx\bin\api-ms-win-core-util-l1-1-0.dll
0x0000025fa6550000 - 0x0000025fa6553000 	C:\Program Files\BlueJ\lib\javafx\bin\api-ms-win-crt-conio-l1-1-0.dll

dbghelp: loaded successfully - version: 4.0.5 - missing functions: none
symbol engine: initialized successfully - sym options: 0x614 - pdb path: .;C:\Program Files\BlueJ\jdk\bin;C:\WINDOWS\SYSTEM32;C:\WINDOWS\WinSxS\amd64_microsoft.windows.common-controls_6595b64144ccf1df_6.0.19041.844_none_ca00b6081b84eb1d;C:\Program Files\BlueJ\jdk\bin\server;C:\Program Files\BlueJ\lib\javafx\bin;C:\WINDOWS\System32\DriverStore\FileRepository\igdlh64.inf_amd64_baab50003164cdd5

VM Arguments:
jvm_args: -ea -agentlib:jdwp=transport=dt_shmem,address=javadebug -Dfile.encoding=UTF-8 
java_command: bluej.runtime.ExecServer UTF-8
java_class_path (initial): C:\Program Files\BlueJ\lib\bluejcore.jar;C:\Program Files\BlueJ\lib\junit-4.12.jar;C:\Program Files\BlueJ\lib\junit-jupiter-5.5.2.jar;C:\Program Files\BlueJ\lib\junit-jupiter-api-5.5.2.jar;C:\Program Files\BlueJ\lib\junit-jupiter-engine-5.5.2.jar;C:\Program Files\BlueJ\lib\junit-jupiter-migrationsupport-5.5.2.jar;C:\Program Files\BlueJ\lib\junit-jupiter-params-5.5.2.jar;C:\Program Files\BlueJ\lib\junit-platform-commons-1.5.2.jar;C:\Program Files\BlueJ\lib\junit-platform-console-1.5.2.jar;C:\Program Files\BlueJ\lib\junit-platform-console-standalone-1.5.2.jar;C:\Program Files\BlueJ\lib\junit-platform-engine-1.5.2.jar;C:\Program Files\BlueJ\lib\junit-platform-launcher-1.5.2.jar;C:\Program Files\BlueJ\lib\junit-platform-reporting-1.5.2.jar;C:\Program Files\BlueJ\lib\junit-platform-runner-1.5.2.jar;C:\Program Files\BlueJ\lib\junit-platform-suite-api-1.5.2.jar;C:\Program Files\BlueJ\lib\junit-platform-testkit-1.5.2.jar;C:\Program Files\BlueJ\lib\junit-quickcheck-core-0.9.jar;C:\Program Files\BlueJ\lib\junit-vintage-engine-5.5.2.jar;C:\Program Files\BlueJ\lib\hamcrest-core-1.3.jar;C:\Program Files\BlueJ\lib\hamcrest-library-1.3.jar;C:\Program Files\BlueJ\lib\lang-stride.jar;C:\Program Files\BlueJ\lib\javafx\lib\javafx.base.jar;C:\Program Files\BlueJ\lib\javafx\lib\javafx.controls.jar;C:\Program Files\BlueJ\lib\javafx\lib\javafx.fxml.jar;C:\Program Files\BlueJ\lib\javafx\lib\javafx.graphics.jar;C:\Program Files\BlueJ\lib\javafx\lib\javafx.media.jar;C:\Program Files\BlueJ\lib\javafx\lib\javafx.properties.jar;C:\Program Files\BlueJ\lib\javafx\lib\javafx.swing.jar;C:\Program Files\BlueJ\lib\javafx\lib\javafx.web.jar;C:\Program Files\BlueJ\lib\javafx\lib\javafx.base.jar;C:\Program Files\BlueJ\lib\javafx\lib\javafx.controls.jar;C:\Program Files\BlueJ\lib\javafx\lib\javafx.fxml.jar;C:\Program Files\BlueJ\lib\javafx\lib\javafx.graphics.jar;C:\Program Files\BlueJ\lib\javafx\lib\javafx.media.jar;C:\Program Files\BlueJ\lib\javafx\lib\javafx.properties.jar
Launcher Type: SUN_STANDARD

[Global flags]
     intx CICompilerCount                          = 3                                         {product} {ergonomic}
     uint ConcGCThreads                            = 1                                         {product} {ergonomic}
     uint G1ConcRefinementThreads                  = 4                                         {product} {ergonomic}
   size_t G1HeapRegionSize                         = 1048576                                   {product} {ergonomic}
    uintx GCDrainStackTargetSize                   = 64                                        {product} {ergonomic}
   size_t InitialHeapSize                          = 65011712                                  {product} {ergonomic}
   size_t MarkStackSize                            = 4194304                                   {product} {ergonomic}
   size_t MaxHeapSize                              = 1040187392                                {product} {ergonomic}
   size_t MaxNewSize                               = 623902720                                 {product} {ergonomic}
   size_t MinHeapDeltaBytes                        = 1048576                                   {product} {ergonomic}
    uintx NonNMethodCodeHeapSize                   = 5830092                                {pd product} {ergonomic}
    uintx NonProfiledCodeHeapSize                  = 122914074                              {pd product} {ergonomic}
    uintx ProfiledCodeHeapSize                     = 122914074                              {pd product} {ergonomic}
    uintx ReservedCodeCacheSize                    = 251658240                              {pd product} {ergonomic}
     bool SegmentedCodeCache                       = true                                      {product} {ergonomic}
     bool UseCompressedClassPointers               = true                                 {lp64_product} {ergonomic}
     bool UseCompressedOops                        = true                                 {lp64_product} {ergonomic}
     bool UseG1GC                                  = true                                      {product} {ergonomic}
     bool UseLargePagesIndividualAllocation        = false                                  {pd product} {ergonomic}

Logging:
Log output configuration:
 #0: stdout all=warning uptime,level,tags
 #1: stderr all=off uptime,level,tags

Environment Variables:
PATH=C:\Program Files (x86)\Common Files\Oracle\Java\javapath;C:\Program Files (x86)\Intel\iCLS Client\;C:\Program Files\Intel\iCLS Client\;C:\WINDOWS\system32;C:\WINDOWS;C:\WINDOWS\System32\Wbem;C:\WINDOWS\System32\WindowsPowerShell\v1.0\;C:\Program Files (x86)\Intel\Intel(R) Management Engine Components\DAL;C:\Program Files\Intel\Intel(R) Management Engine Components\DAL;C:\Program Files (x86)\Intel\Intel(R) Management Engine Components\IPT;C:\Program Files\Intel\Intel(R) Management Engine Components\IPT;C:\Program Files\dotnet\;C:\WINDOWS\System32\OpenSSH\;C:\Program Files\Git\cmd;C:\Users\caleb\AppData\Local\Microsoft\WindowsApps;
USERNAME=caleb
OS=Windows_NT
PROCESSOR_IDENTIFIER=Intel64 Family 6 Model 142 Stepping 9, GenuineIntel



---------------  S Y S T E M  ---------------

OS: Windows 10 , 64 bit Build 19041 (10.0.19041.928)

CPU:total 4 (initial active 4) (2 cores per cpu, 2 threads per core) family 6 model 142 stepping 9, cmov, cx8, fxsr, mmx, sse, sse2, sse3, ssse3, sse4.1, sse4.2, popcnt, avx, avx2, aes, clmul, erms, 3dnowpref, lzcnt, ht, tsc, tscinvbit, bmi1, bmi2, adx, fma

Memory: 4k page, system-wide physical 3960M (411M free)
TotalPageFile size 10269M (AvailPageFile size 112M)
current process WorkingSet (physical memory assigned to process): 204M, peak: 231M
current process commit charge ("private bytes"): 238M, peak: 407M

vm_info: OpenJDK 64-Bit Server VM (11.0.2+9) for windows-amd64 JRE (11.0.2+9), built on Jan 18 2019 05:23:22 by "mach5one" with MS VC++ 15.5 (VS2017)

END.
