#
# There is insufficient memory for the Java Runtime Environment to continue.
# Native memory allocation (malloc) failed to allocate 32744 bytes for ChunkPool::allocate
# Possible reasons:
#   The system is out of physical RAM or swap space
#   The process is running with CompressedOops enabled, and the Java Heap may be blocking the growth of the native heap
# Possible solutions:
#   Reduce memory load on the system
#   Increase physical memory or swap space
#   Check if swap backing store is full
#   Decrease Java heap size (-Xmx/-Xms)
#   Decrease number of Java threads
#   Decrease Java thread stack sizes (-Xss)
#   Set larger code cache with -XX:ReservedCodeCacheSize=
#   JVM is running with Unscaled Compressed Oops mode in which the Java heap is
#     placed in the first 4GB address space. The Java Heap base address is the
#     maximum limit for the native heap growth. Please use -XX:HeapBaseMinAddress
#     to set the Java Heap base and to place the Java Heap above 4GB virtual address.
# This output file may be truncated or incomplete.
#
#  Out of Memory Error (t:/workspace/open/src/hotspot/share/memory/arena.cpp:81), pid=3968, tid=12224
#
# JRE version: OpenJDK Runtime Environment (11.0.2+9) (build 11.0.2+9)
# Java VM: OpenJDK 64-Bit Server VM (11.0.2+9, mixed mode, tiered, compressed oops, g1 gc, windows-amd64)
# No core dump will be written. Minidumps are not enabled by default on client versions of Windows
#

---------------  S U M M A R Y ------------

Command Line: -ea -agentlib:jdwp=transport=dt_shmem,address=javadebug -Dfile.encoding=UTF-8 bluej.runtime.ExecServer UTF-8

Host: Intel(R) Core(TM) m3-7Y30 CPU @ 1.00GHz, 4 cores, 3G,  Windows 10 , 64 bit Build 19041 (10.0.19041.928)
Time: Sun May 23 20:40:30 2021 Eastern Daylight Time elapsed time: 2083 seconds (0d 0h 34m 43s)

---------------  T H R E A D  ---------------

Current thread (0x000001f377c84000):  JavaThread "C2 CompilerThread0" daemon [_thread_in_native, id=12224, stack(0x00000096c1800000,0x00000096c1900000)]


Current CompileTask:
C2:2083312 3913 %     4       com.sun.media.sound.DLSInstrument::getPerformers @ 310 (616 bytes)

Stack: [0x00000096c1800000,0x00000096c1900000]
Native frames: (J=compiled Java code, j=interpreted, Vv=VM code, C=native code)
V  [jvm.dll+0x63489a]
V  [jvm.dll+0x771f9f]
V  [jvm.dll+0x773648]
V  [jvm.dll+0x773d03]
V  [jvm.dll+0x25eba8]
V  [jvm.dll+0xc23bb]
V  [jvm.dll+0xc271c]
V  [jvm.dll+0x11d3ec]
V  [jvm.dll+0x11c3ef]
V  [jvm.dll+0x639cee]
V  [jvm.dll+0x218d22]
V  [jvm.dll+0x217b6a]
V  [jvm.dll+0x194370]
V  [jvm.dll+0x226b3f]
V  [jvm.dll+0x225148]
V  [jvm.dll+0x73774d]
V  [jvm.dll+0x633942]
C  [ucrtbase.dll+0x21bb2]
C  [KERNEL32.DLL+0x17034]
C  [ntdll.dll+0x52651]


---------------  P R O C E S S  ---------------

Threads class SMR info:
_java_thread_list=0x000001f37b7a7540, length=34, elements={
0x000001f377bfb000, 0x000001f377c25800, 0x000001f377c81800, 0x000001f377c82800,
0x000001f377c84000, 0x000001f377c89800, 0x000001f377c3e800, 0x000001f377f26800,
0x000001f377f2d800, 0x000001f377f3d000, 0x000001f377f3e000, 0x000001f377f5a000,
0x000001f378378000, 0x000001f3784a9800, 0x000001f378339000, 0x000001f369fb1000,
0x000001f378800000, 0x000001f379f5e000, 0x000001f37a158000, 0x000001f37b2f0800,
0x000001f379fa0000, 0x000001f379fa1000, 0x000001f379f9e800, 0x000001f379f9c800,
0x000001f379f9f000, 0x000001f37d257000, 0x000001f37d258800, 0x000001f37a335000,
0x000001f37d259000, 0x000001f37d25a000, 0x000001f37d256000, 0x000001f37d25b000,
0x000001f37d255000, 0x000001f37d25e000
}

Java Threads: ( => current thread )
  0x000001f377bfb000 JavaThread "Reference Handler" daemon [_thread_blocked, id=4528, stack(0x00000096c1400000,0x00000096c1500000)]
  0x000001f377c25800 JavaThread "Finalizer" daemon [_thread_blocked, id=14228, stack(0x00000096c1500000,0x00000096c1600000)]
  0x000001f377c81800 JavaThread "Signal Dispatcher" daemon [_thread_blocked, id=5324, stack(0x00000096c1600000,0x00000096c1700000)]
  0x000001f377c82800 JavaThread "Attach Listener" daemon [_thread_blocked, id=12440, stack(0x00000096c1700000,0x00000096c1800000)]
=>0x000001f377c84000 JavaThread "C2 CompilerThread0" daemon [_thread_in_native, id=12224, stack(0x00000096c1800000,0x00000096c1900000)]
  0x000001f377c89800 JavaThread "C1 CompilerThread0" daemon [_thread_blocked, id=1312, stack(0x00000096c1900000,0x00000096c1a00000)]
  0x000001f377c3e800 JavaThread "Sweeper thread" daemon [_thread_blocked, id=12448, stack(0x00000096c1a00000,0x00000096c1b00000)]
  0x000001f377f26800 JavaThread "JDWP Transport Listener: dt_shmem" daemon [_thread_blocked, id=13420, stack(0x00000096c1b00000,0x00000096c1c00000)]
  0x000001f377f2d800 JavaThread "JDWP Event Helper Thread" daemon [_thread_blocked, id=17344, stack(0x00000096c1c00000,0x00000096c1d00000)]
  0x000001f377f3d000 JavaThread "JDWP Command Reader" daemon [_thread_in_native, id=16416, stack(0x00000096c1d00000,0x00000096c1e00000)]
  0x000001f377f3e000 JavaThread "Service Thread" daemon [_thread_blocked, id=14796, stack(0x00000096c1e00000,0x00000096c1f00000)]
  0x000001f377f5a000 JavaThread "Common-Cleaner" daemon [_thread_blocked, id=6200, stack(0x00000096c2000000,0x00000096c2100000)]
  0x000001f378378000 JavaThread "Java2D Disposer" daemon [_thread_blocked, id=6780, stack(0x00000096c2200000,0x00000096c2300000)]
  0x000001f3784a9800 JavaThread "AWT-Windows" daemon [_thread_in_native, id=15472, stack(0x00000096c2400000,0x00000096c2500000)]
  0x000001f378339000 JavaThread "BlueJ worker thread" [_thread_blocked, id=16572, stack(0x00000096c2600000,0x00000096c2700000)]
  0x000001f369fb1000 JavaThread "DestroyJavaVM" [_thread_blocked, id=10140, stack(0x00000096c0d00000,0x00000096c0e00000)]
  0x000001f378800000 JavaThread "Java Sound Event Dispatcher" daemon [_thread_blocked, id=2108, stack(0x00000096c2f00000,0x00000096c3000000)]
  0x000001f379f5e000 JavaThread "JitterCorrector" daemon [_thread_blocked, id=12788, stack(0x00000096c3300000,0x00000096c3400000)]
  0x000001f37a158000 JavaThread "AudioPusher" daemon [_thread_blocked, id=3564, stack(0x00000096c3400000,0x00000096c3500000)]
  0x000001f37b2f0800 JavaThread "Java Sound Sequencer" [_thread_blocked, id=1200, stack(0x00000096c3500000,0x00000096c3600000)]
  0x000001f379fa0000 JavaThread "QuantumRenderer-0" daemon [_thread_blocked, id=14028, stack(0x00000096c3900000,0x00000096c3a00000)]
  0x000001f379fa1000 JavaThread "TimerQueue" daemon [_thread_blocked, id=2392, stack(0x00000096c2d00000,0x00000096c2e00000)]
  0x000001f379f9e800 JavaThread "JitterCorrector" daemon [_thread_blocked, id=11064, stack(0x00000096c3b00000,0x00000096c3c00000)]
  0x000001f379f9c800 JavaThread "AudioPusher" daemon [_thread_blocked, id=17220, stack(0x00000096c3c00000,0x00000096c3d00000)]
  0x000001f379f9f000 JavaThread "Java Sound Sequencer" [_thread_blocked, id=14860, stack(0x00000096c3d00000,0x00000096c3e00000)]
  0x000001f37d257000 JavaThread "AWT-Shutdown" [_thread_blocked, id=12052, stack(0x00000096c2500000,0x00000096c2600000)]
  0x000001f37d258800 JavaThread "AWT-EventQueue-0" [_thread_blocked, id=6168, stack(0x00000096c3800000,0x00000096c3900000)]
  0x000001f37a335000 JavaThread "C2 CompilerThread1" daemon [_thread_in_native, id=11440, stack(0x00000096c3a00000,0x00000096c3b00000)]
  0x000001f37d259000 JavaThread "JitterCorrector" daemon [_thread_blocked, id=7940, stack(0x00000096c3e00000,0x00000096c3f00000)]
  0x000001f37d25a000 JavaThread "AudioPusher" daemon [_thread_blocked, id=11232, stack(0x00000096c3f00000,0x00000096c4000000)]
  0x000001f37d256000 JavaThread "Java Sound Sequencer" [_thread_blocked, id=4476, stack(0x00000096c4000000,0x00000096c4100000)]
  0x000001f37d25b000 JavaThread "Thread-9" [_thread_blocked, id=11924, stack(0x00000096c4100000,0x00000096c4200000)]
  0x000001f37d255000 JavaThread "Thread-10" [_thread_in_native, id=16768, stack(0x00000096c4200000,0x00000096c4300000)]
  0x000001f37d25e000 JavaThread "main" [_thread_blocked, id=7340, stack(0x00000096c4300000,0x00000096c4400000)]

Other Threads:
  0x000001f377bf7800 VMThread "VM Thread" [stack: 0x00000096c1300000,0x00000096c1400000] [id=3204]
  0x000001f377f3f800 WatcherThread [stack: 0x00000096c1f00000,0x00000096c2000000] [id=9424]
  0x000001f369fc8000 GCTaskThread "GC Thread#0" [stack: 0x00000096c0e00000,0x00000096c0f00000] [id=10180]
  0x000001f379e8f000 GCTaskThread "GC Thread#1" [stack: 0x00000096c2900000,0x00000096c2a00000] [id=16608]
  0x000001f378778000 GCTaskThread "GC Thread#2" [stack: 0x00000096c2a00000,0x00000096c2b00000] [id=7516]
  0x000001f378778800 GCTaskThread "GC Thread#3" [stack: 0x00000096c2b00000,0x00000096c2c00000] [id=3332]
  0x000001f369fe6000 ConcurrentGCThread "G1 Main Marker" [stack: 0x00000096c0f00000,0x00000096c1000000] [id=288]
  0x000001f369fe8800 ConcurrentGCThread "G1 Conc#0" [stack: 0x00000096c1000000,0x00000096c1100000] [id=12268]
  0x000001f36a02f800 ConcurrentGCThread "G1 Refine#0" [stack: 0x00000096c1100000,0x00000096c1200000] [id=196]
  0x000001f379780000 ConcurrentGCThread "G1 Refine#1" [stack: 0x00000096c2c00000,0x00000096c2d00000] [id=10492]
  0x000001f379fcc800 ConcurrentGCThread "G1 Refine#2" [stack: 0x00000096c2e00000,0x00000096c2f00000] [id=15176]
  0x000001f36a030800 ConcurrentGCThread "G1 Young RemSet Sampling" [stack: 0x00000096c1200000,0x00000096c1300000] [id=5080]

Threads with active compile tasks:
C2 CompilerThread03913 %     4       com.sun.media.sound.DLSInstrument::getPerformers @ 310 (616 bytes)
C2 CompilerThread13915       4       com.sun.media.sound.SoftPerformer::<init> (1982 bytes)

VM state:not at safepoint (normal execution)

VM Mutex/Monitor currently owned by a thread: None

Heap address: 0x00000000c2000000, size: 992 MB, Compressed Oops mode: 32-bit
Narrow klass base: 0x0000000000000000, Narrow klass shift: 3
Compressed class space size: 1073741824 Address: 0x0000000100000000

Heap:
 garbage-first heap   total 146432K, used 84571K [0x00000000c2000000, 0x0000000100000000)
  region size 1024K, 33 young (33792K), 1 survivors (1024K)
 Metaspace       used 24464K, capacity 25199K, committed 25852K, reserved 1071104K
  class space    used 2800K, capacity 3081K, committed 3404K, reserved 1048576K
Heap Regions: E=young(eden), S=young(survivor), O=old, HS=humongous(starts), HC=humongous(continues), CS=collection set, F=free, A=archive, TAMS=top-at-mark-start (previous, next)
|   0|0x00000000c2000000, 0x00000000c2100000, 0x00000000c2100000|100%| O|  |TAMS 0x00000000c2100000, 0x00000000c2000000| Complete 
|   1|0x00000000c2100000, 0x00000000c2200000, 0x00000000c2200000|100%| O|  |TAMS 0x00000000c2200000, 0x00000000c2100000| Untracked 
|   2|0x00000000c2200000, 0x00000000c2300000, 0x00000000c2300000|100%| O|  |TAMS 0x00000000c2300000, 0x00000000c2200000| Untracked 
|   3|0x00000000c2300000, 0x00000000c2400000, 0x00000000c2400000|100%| O|  |TAMS 0x00000000c2400000, 0x00000000c2300000| Untracked 
|   4|0x00000000c2400000, 0x00000000c2500000, 0x00000000c2500000|100%| O|  |TAMS 0x00000000c2500000, 0x00000000c2400000| Untracked 
|   5|0x00000000c2500000, 0x00000000c2600000, 0x00000000c2600000|100%| O|  |TAMS 0x00000000c2600000, 0x00000000c2500000| Untracked 
|   6|0x00000000c2600000, 0x00000000c2700000, 0x00000000c2700000|100%| O|  |TAMS 0x00000000c2700000, 0x00000000c2600000| Untracked 
|   7|0x00000000c2700000, 0x00000000c2800000, 0x00000000c2800000|100%| O|  |TAMS 0x00000000c2800000, 0x00000000c2700000| Untracked 
|   8|0x00000000c2800000, 0x00000000c2900000, 0x00000000c2900000|100%| O|  |TAMS 0x00000000c2900000, 0x00000000c2800000| Untracked 
|   9|0x00000000c2900000, 0x00000000c2a00000, 0x00000000c2a00000|100%| O|  |TAMS 0x00000000c2a00000, 0x00000000c2900000| Untracked 
|  10|0x00000000c2a00000, 0x00000000c2b00000, 0x00000000c2b00000|100%| O|  |TAMS 0x00000000c2b00000, 0x00000000c2a00000| Complete 
|  11|0x00000000c2b00000, 0x00000000c2c00000, 0x00000000c2c00000|100%| O|  |TAMS 0x00000000c2c00000, 0x00000000c2b00000| Complete 
|  12|0x00000000c2c00000, 0x00000000c2d00000, 0x00000000c2d00000|100%| O|  |TAMS 0x00000000c2d00000, 0x00000000c2c00000| Untracked 
|  13|0x00000000c2d00000, 0x00000000c2e00000, 0x00000000c2e00000|100%| O|  |TAMS 0x00000000c2e00000, 0x00000000c2d00000| Untracked 
|  14|0x00000000c2e00000, 0x00000000c2f00000, 0x00000000c2f00000|100%| O|  |TAMS 0x00000000c2f00000, 0x00000000c2e00000| Complete 
|  15|0x00000000c2f00000, 0x00000000c3000000, 0x00000000c3000000|100%| O|  |TAMS 0x00000000c3000000, 0x00000000c2f00000| Untracked 
|  16|0x00000000c3000000, 0x00000000c3100000, 0x00000000c3100000|100%| O|  |TAMS 0x00000000c3100000, 0x00000000c3000000| Untracked 
|  17|0x00000000c3100000, 0x00000000c3200000, 0x00000000c3200000|100%| O|  |TAMS 0x00000000c3200000, 0x00000000c3100000| Complete 
|  18|0x00000000c3200000, 0x00000000c3300000, 0x00000000c3300000|100%| O|  |TAMS 0x00000000c3300000, 0x00000000c3200000| Untracked 
|  19|0x00000000c3300000, 0x00000000c3400000, 0x00000000c3400000|100%| O|  |TAMS 0x00000000c3400000, 0x00000000c3300000| Complete 
|  20|0x00000000c3400000, 0x00000000c3500000, 0x00000000c3500000|100%| O|  |TAMS 0x00000000c3500000, 0x00000000c3400000| Complete 
|  21|0x00000000c3500000, 0x00000000c3600000, 0x00000000c3600000|100%| O|  |TAMS 0x00000000c3600000, 0x00000000c3500000| Complete 
|  22|0x00000000c3600000, 0x00000000c3700000, 0x00000000c3700000|100%| O|  |TAMS 0x00000000c3700000, 0x00000000c3600000| Complete 
|  23|0x00000000c3700000, 0x00000000c3800000, 0x00000000c3800000|100%| O|  |TAMS 0x00000000c3700000, 0x00000000c3700000| Untracked 
|  24|0x00000000c3800000, 0x00000000c3900000, 0x00000000c3900000|100%| O|  |TAMS 0x00000000c3900000, 0x00000000c3800000| Untracked 
|  25|0x00000000c3900000, 0x00000000c3a00000, 0x00000000c3a00000|100%| O|  |TAMS 0x00000000c3a00000, 0x00000000c3900000| Complete 
|  26|0x00000000c3a00000, 0x00000000c3b00000, 0x00000000c3b00000|100%| O|  |TAMS 0x00000000c3b00000, 0x00000000c3a00000| Complete 
|  27|0x00000000c3b00000, 0x00000000c3c00000, 0x00000000c3c00000|100%| O|  |TAMS 0x00000000c3c00000, 0x00000000c3b00000| Untracked 
|  28|0x00000000c3c00000, 0x00000000c3d00000, 0x00000000c3d00000|100%| O|  |TAMS 0x00000000c3d00000, 0x00000000c3c00000| Complete 
|  29|0x00000000c3d00000, 0x00000000c3e00000, 0x00000000c3e00000|100%| O|  |TAMS 0x00000000c3e00000, 0x00000000c3d00000| Complete 
|  30|0x00000000c3e00000, 0x00000000c3f00000, 0x00000000c3f00000|100%| O|  |TAMS 0x00000000c3f00000, 0x00000000c3e00000| Complete 
|  31|0x00000000c3f00000, 0x00000000c4000000, 0x00000000c4000000|100%| O|  |TAMS 0x00000000c4000000, 0x00000000c3f00000| Untracked 
|  32|0x00000000c4000000, 0x00000000c4100000, 0x00000000c4100000|100%| O|  |TAMS 0x00000000c4100000, 0x00000000c4000000| Untracked 
|  33|0x00000000c4100000, 0x00000000c4200000, 0x00000000c4200000|100%| O|  |TAMS 0x00000000c4200000, 0x00000000c4100000| Complete 
|  34|0x00000000c4200000, 0x00000000c4300000, 0x00000000c4300000|100%| O|  |TAMS 0x00000000c4300000, 0x00000000c4200000| Untracked 
|  35|0x00000000c4300000, 0x00000000c4400000, 0x00000000c4400000|100%|HS|  |TAMS 0x00000000c4400000, 0x00000000c4300000| Complete 
|  36|0x00000000c4400000, 0x00000000c4500000, 0x00000000c4500000|100%|HC|  |TAMS 0x00000000c4500000, 0x00000000c4400000| Complete 
|  37|0x00000000c4500000, 0x00000000c4600000, 0x00000000c4600000|100%|HC|  |TAMS 0x00000000c4600000, 0x00000000c4500000| Complete 
|  38|0x00000000c4600000, 0x00000000c4700000, 0x00000000c4700000|100%|HC|  |TAMS 0x00000000c4700000, 0x00000000c4600000| Complete 
|  39|0x00000000c4700000, 0x00000000c4800000, 0x00000000c4800000|100%|HC|  |TAMS 0x00000000c4800000, 0x00000000c4700000| Complete 
|  40|0x00000000c4800000, 0x00000000c4900000, 0x00000000c4900000|100%|HC|  |TAMS 0x00000000c4900000, 0x00000000c4800000| Complete 
|  41|0x00000000c4900000, 0x00000000c4a00000, 0x00000000c4a00000|100%| O|  |TAMS 0x00000000c4a00000, 0x00000000c4900000| Untracked 
|  42|0x00000000c4a00000, 0x00000000c4b00000, 0x00000000c4b00000|100%| O|  |TAMS 0x00000000c4b00000, 0x00000000c4a00000| Untracked 
|  43|0x00000000c4b00000, 0x00000000c4c00000, 0x00000000c4c00000|100%| O|  |TAMS 0x00000000c4c00000, 0x00000000c4b00000| Complete 
|  44|0x00000000c4c00000, 0x00000000c4d00000, 0x00000000c4d00000|100%| O|  |TAMS 0x00000000c4d00000, 0x00000000c4c00000| Complete 
|  45|0x00000000c4d00000, 0x00000000c4e00000, 0x00000000c4e00000|100%| O|  |TAMS 0x00000000c4e00000, 0x00000000c4d00000| Complete 
|  46|0x00000000c4e00000, 0x00000000c4f00000, 0x00000000c4f00000|100%| O|  |TAMS 0x00000000c4f00000, 0x00000000c4e00000| Complete 
|  47|0x00000000c4f00000, 0x00000000c5000000, 0x00000000c5000000|100%| O|  |TAMS 0x00000000c5000000, 0x00000000c4f00000| Untracked 
|  48|0x00000000c5000000, 0x00000000c5100000, 0x00000000c5100000|100%| O|  |TAMS 0x00000000c5038000, 0x00000000c5000000| Untracked 
|  49|0x00000000c5100000, 0x00000000c5200000, 0x00000000c5200000|100%| O|  |TAMS 0x00000000c5100000, 0x00000000c5100000| Untracked 
|  50|0x00000000c5200000, 0x00000000c5300000, 0x00000000c5300000|100%| O|  |TAMS 0x00000000c5200000, 0x00000000c5200000| Untracked 
|  51|0x00000000c5300000, 0x00000000c5306a00, 0x00000000c5400000|  2%| O|  |TAMS 0x00000000c5300000, 0x00000000c5300000| Untracked 
|  52|0x00000000c5400000, 0x00000000c5400000, 0x00000000c5500000|  0%| F|  |TAMS 0x00000000c5400000, 0x00000000c5400000| Untracked 
|  53|0x00000000c5500000, 0x00000000c5500000, 0x00000000c5600000|  0%| F|  |TAMS 0x00000000c5500000, 0x00000000c5500000| Untracked 
|  54|0x00000000c5600000, 0x00000000c5600000, 0x00000000c5700000|  0%| F|  |TAMS 0x00000000c5600000, 0x00000000c5600000| Untracked 
|  55|0x00000000c5700000, 0x00000000c5700000, 0x00000000c5800000|  0%| F|  |TAMS 0x00000000c5700000, 0x00000000c5700000| Untracked 
|  56|0x00000000c5800000, 0x00000000c5800000, 0x00000000c5900000|  0%| F|  |TAMS 0x00000000c5800000, 0x00000000c5800000| Untracked 
|  57|0x00000000c5900000, 0x00000000c5900000, 0x00000000c5a00000|  0%| F|  |TAMS 0x00000000c5900000, 0x00000000c5900000| Untracked 
|  58|0x00000000c5a00000, 0x00000000c5a00000, 0x00000000c5b00000|  0%| F|  |TAMS 0x00000000c5a00000, 0x00000000c5a00000| Untracked 
|  59|0x00000000c5b00000, 0x00000000c5b904a0, 0x00000000c5c00000| 56%| S|CS|TAMS 0x00000000c5b00000, 0x00000000c5b00000| Complete 
|  60|0x00000000c5c00000, 0x00000000c5c00000, 0x00000000c5d00000|  0%| F|  |TAMS 0x00000000c5c00000, 0x00000000c5c00000| Untracked 
|  61|0x00000000c5d00000, 0x00000000c5d00000, 0x00000000c5e00000|  0%| F|  |TAMS 0x00000000c5d00000, 0x00000000c5d00000| Untracked 
|  62|0x00000000c5e00000, 0x00000000c5e00000, 0x00000000c5f00000|  0%| F|  |TAMS 0x00000000c5e00000, 0x00000000c5e00000| Untracked 
|  63|0x00000000c5f00000, 0x00000000c5f00000, 0x00000000c6000000|  0%| F|  |TAMS 0x00000000c5f00000, 0x00000000c5f00000| Untracked 
|  64|0x00000000c6000000, 0x00000000c6000000, 0x00000000c6100000|  0%| F|  |TAMS 0x00000000c6000000, 0x00000000c6000000| Untracked 
|  65|0x00000000c6100000, 0x00000000c6100000, 0x00000000c6200000|  0%| F|  |TAMS 0x00000000c6100000, 0x00000000c6100000| Untracked 
|  66|0x00000000c6200000, 0x00000000c6200000, 0x00000000c6300000|  0%| F|  |TAMS 0x00000000c6200000, 0x00000000c6200000| Untracked 
|  67|0x00000000c6300000, 0x00000000c6300000, 0x00000000c6400000|  0%| F|  |TAMS 0x00000000c6300000, 0x00000000c6300000| Untracked 
|  68|0x00000000c6400000, 0x00000000c6400000, 0x00000000c6500000|  0%| F|  |TAMS 0x00000000c6400000, 0x00000000c6400000| Untracked 
|  69|0x00000000c6500000, 0x00000000c6500000, 0x00000000c6600000|  0%| F|  |TAMS 0x00000000c6500000, 0x00000000c6500000| Untracked 
|  70|0x00000000c6600000, 0x00000000c6600000, 0x00000000c6700000|  0%| F|  |TAMS 0x00000000c6600000, 0x00000000c6600000| Untracked 
|  71|0x00000000c6700000, 0x00000000c6700000, 0x00000000c6800000|  0%| F|  |TAMS 0x00000000c6700000, 0x00000000c6700000| Untracked 
|  72|0x00000000c6800000, 0x00000000c6800000, 0x00000000c6900000|  0%| F|  |TAMS 0x00000000c6800000, 0x00000000c6800000| Untracked 
|  73|0x00000000c6900000, 0x00000000c6900000, 0x00000000c6a00000|  0%| F|  |TAMS 0x00000000c6900000, 0x00000000c6900000| Untracked 
|  74|0x00000000c6a00000, 0x00000000c6a00000, 0x00000000c6b00000|  0%| F|  |TAMS 0x00000000c6a00000, 0x00000000c6a00000| Untracked 
|  75|0x00000000c6b00000, 0x00000000c6b00000, 0x00000000c6c00000|  0%| F|  |TAMS 0x00000000c6b00000, 0x00000000c6b00000| Untracked 
|  76|0x00000000c6c00000, 0x00000000c6c00000, 0x00000000c6d00000|  0%| F|  |TAMS 0x00000000c6c00000, 0x00000000c6c00000| Untracked 
|  77|0x00000000c6d00000, 0x00000000c6d00000, 0x00000000c6e00000|  0%| F|  |TAMS 0x00000000c6d00000, 0x00000000c6d00000| Untracked 
|  78|0x00000000c6e00000, 0x00000000c6e00000, 0x00000000c6f00000|  0%| F|  |TAMS 0x00000000c6e00000, 0x00000000c6e00000| Untracked 
|  79|0x00000000c6f00000, 0x00000000c6f00000, 0x00000000c7000000|  0%| F|  |TAMS 0x00000000c6f00000, 0x00000000c6f00000| Untracked 
|  80|0x00000000c7000000, 0x00000000c7000000, 0x00000000c7100000|  0%| F|  |TAMS 0x00000000c7000000, 0x00000000c7000000| Untracked 
|  81|0x00000000c7100000, 0x00000000c7100000, 0x00000000c7200000|  0%| F|  |TAMS 0x00000000c7100000, 0x00000000c7100000| Untracked 
|  82|0x00000000c7200000, 0x00000000c7200000, 0x00000000c7300000|  0%| F|  |TAMS 0x00000000c7200000, 0x00000000c7200000| Untracked 
|  83|0x00000000c7300000, 0x00000000c7300000, 0x00000000c7400000|  0%| F|  |TAMS 0x00000000c7300000, 0x00000000c7300000| Untracked 
|  84|0x00000000c7400000, 0x00000000c7400000, 0x00000000c7500000|  0%| F|  |TAMS 0x00000000c7400000, 0x00000000c7400000| Untracked 
|  85|0x00000000c7500000, 0x00000000c7500000, 0x00000000c7600000|  0%| F|  |TAMS 0x00000000c7500000, 0x00000000c7500000| Untracked 
|  86|0x00000000c7600000, 0x00000000c7600000, 0x00000000c7700000|  0%| F|  |TAMS 0x00000000c7600000, 0x00000000c7600000| Untracked 
|  87|0x00000000c7700000, 0x00000000c7700000, 0x00000000c7800000|  0%| F|  |TAMS 0x00000000c7700000, 0x00000000c7700000| Untracked 
|  88|0x00000000c7800000, 0x00000000c7800000, 0x00000000c7900000|  0%| F|  |TAMS 0x00000000c7800000, 0x00000000c7800000| Untracked 
|  89|0x00000000c7900000, 0x00000000c7900000, 0x00000000c7a00000|  0%| F|  |TAMS 0x00000000c7900000, 0x00000000c7900000| Untracked 
|  90|0x00000000c7a00000, 0x00000000c7a00000, 0x00000000c7b00000|  0%| F|  |TAMS 0x00000000c7a00000, 0x00000000c7a00000| Untracked 
|  91|0x00000000c7b00000, 0x00000000c7b00000, 0x00000000c7c00000|  0%| F|  |TAMS 0x00000000c7b00000, 0x00000000c7b00000| Untracked 
|  92|0x00000000c7c00000, 0x00000000c7c00000, 0x00000000c7d00000|  0%| F|  |TAMS 0x00000000c7c00000, 0x00000000c7c00000| Untracked 
|  93|0x00000000c7d00000, 0x00000000c7d00000, 0x00000000c7e00000|  0%| F|  |TAMS 0x00000000c7d00000, 0x00000000c7d00000| Untracked 
|  94|0x00000000c7e00000, 0x00000000c7e00000, 0x00000000c7f00000|  0%| F|  |TAMS 0x00000000c7e00000, 0x00000000c7e00000| Untracked 
|  95|0x00000000c7f00000, 0x00000000c7f00000, 0x00000000c8000000|  0%| F|  |TAMS 0x00000000c7f00000, 0x00000000c7f00000| Untracked 
|  96|0x00000000c8000000, 0x00000000c8000000, 0x00000000c8100000|  0%| F|  |TAMS 0x00000000c8000000, 0x00000000c8000000| Untracked 
|  97|0x00000000c8100000, 0x00000000c8100000, 0x00000000c8200000|  0%| F|  |TAMS 0x00000000c8100000, 0x00000000c8100000| Untracked 
|  98|0x00000000c8200000, 0x00000000c8200000, 0x00000000c8300000|  0%| F|  |TAMS 0x00000000c8200000, 0x00000000c8200000| Untracked 
|  99|0x00000000c8300000, 0x00000000c8300000, 0x00000000c8400000|  0%| F|  |TAMS 0x00000000c8300000, 0x00000000c8300000| Untracked 
| 100|0x00000000c8400000, 0x00000000c8400000, 0x00000000c8500000|  0%| F|  |TAMS 0x00000000c8400000, 0x00000000c8400000| Untracked 
| 101|0x00000000c8500000, 0x00000000c8500000, 0x00000000c8600000|  0%| F|  |TAMS 0x00000000c8500000, 0x00000000c8500000| Untracked 
| 102|0x00000000c8600000, 0x00000000c8600000, 0x00000000c8700000|  0%| F|  |TAMS 0x00000000c8600000, 0x00000000c8600000| Untracked 
| 103|0x00000000c8700000, 0x00000000c8700000, 0x00000000c8800000|  0%| F|  |TAMS 0x00000000c8700000, 0x00000000c8700000| Untracked 
| 104|0x00000000c8800000, 0x00000000c8800000, 0x00000000c8900000|  0%| F|  |TAMS 0x00000000c8800000, 0x00000000c8800000| Untracked 
| 105|0x00000000c8900000, 0x00000000c8900000, 0x00000000c8a00000|  0%| F|  |TAMS 0x00000000c8900000, 0x00000000c8900000| Untracked 
| 106|0x00000000c8a00000, 0x00000000c8a00000, 0x00000000c8b00000|  0%| F|  |TAMS 0x00000000c8a00000, 0x00000000c8a00000| Untracked 
| 107|0x00000000c8b00000, 0x00000000c8b00000, 0x00000000c8c00000|  0%| F|  |TAMS 0x00000000c8b00000, 0x00000000c8b00000| Untracked 
| 108|0x00000000c8c00000, 0x00000000c8c00000, 0x00000000c8d00000|  0%| F|  |TAMS 0x00000000c8c00000, 0x00000000c8c00000| Untracked 
| 109|0x00000000c8d00000, 0x00000000c8d00000, 0x00000000c8e00000|  0%| F|  |TAMS 0x00000000c8d00000, 0x00000000c8d00000| Untracked 
| 110|0x00000000c8e00000, 0x00000000c8e00000, 0x00000000c8f00000|  0%| F|  |TAMS 0x00000000c8e00000, 0x00000000c8e00000| Untracked 
| 111|0x00000000c8f00000, 0x00000000c8f80800, 0x00000000c9000000| 50%| E|  |TAMS 0x00000000c8f00000, 0x00000000c8f00000| Complete 
| 112|0x00000000c9000000, 0x00000000c9100000, 0x00000000c9100000|100%| E|CS|TAMS 0x00000000c9000000, 0x00000000c9000000| Complete 
| 113|0x00000000c9100000, 0x00000000c9200000, 0x00000000c9200000|100%| E|CS|TAMS 0x00000000c9100000, 0x00000000c9100000| Complete 
| 114|0x00000000c9200000, 0x00000000c9300000, 0x00000000c9300000|100%| E|CS|TAMS 0x00000000c9200000, 0x00000000c9200000| Complete 
| 115|0x00000000c9300000, 0x00000000c9400000, 0x00000000c9400000|100%| E|CS|TAMS 0x00000000c9300000, 0x00000000c9300000| Complete 
| 116|0x00000000c9400000, 0x00000000c9500000, 0x00000000c9500000|100%| E|CS|TAMS 0x00000000c9400000, 0x00000000c9400000| Complete 
| 117|0x00000000c9500000, 0x00000000c9600000, 0x00000000c9600000|100%| E|CS|TAMS 0x00000000c9500000, 0x00000000c9500000| Complete 
| 118|0x00000000c9600000, 0x00000000c9700000, 0x00000000c9700000|100%| E|CS|TAMS 0x00000000c9600000, 0x00000000c9600000| Complete 
| 119|0x00000000c9700000, 0x00000000c9800000, 0x00000000c9800000|100%| E|CS|TAMS 0x00000000c9700000, 0x00000000c9700000| Complete 
| 120|0x00000000c9800000, 0x00000000c9900000, 0x00000000c9900000|100%| E|CS|TAMS 0x00000000c9800000, 0x00000000c9800000| Complete 
| 121|0x00000000c9900000, 0x00000000c9a00000, 0x00000000c9a00000|100%| E|CS|TAMS 0x00000000c9900000, 0x00000000c9900000| Complete 
| 122|0x00000000c9a00000, 0x00000000c9b00000, 0x00000000c9b00000|100%| E|CS|TAMS 0x00000000c9a00000, 0x00000000c9a00000| Complete 
| 123|0x00000000c9b00000, 0x00000000c9c00000, 0x00000000c9c00000|100%| E|CS|TAMS 0x00000000c9b00000, 0x00000000c9b00000| Complete 
| 124|0x00000000c9c00000, 0x00000000c9d00000, 0x00000000c9d00000|100%| E|CS|TAMS 0x00000000c9c00000, 0x00000000c9c00000| Complete 
| 125|0x00000000c9d00000, 0x00000000c9e00000, 0x00000000c9e00000|100%| E|CS|TAMS 0x00000000c9d00000, 0x00000000c9d00000| Complete 
| 126|0x00000000c9e00000, 0x00000000c9f00000, 0x00000000c9f00000|100%| E|CS|TAMS 0x00000000c9e00000, 0x00000000c9e00000| Complete 
| 127|0x00000000c9f00000, 0x00000000ca000000, 0x00000000ca000000|100%| E|CS|TAMS 0x00000000c9f00000, 0x00000000c9f00000| Complete 
| 128|0x00000000ca000000, 0x00000000ca100000, 0x00000000ca100000|100%| E|CS|TAMS 0x00000000ca000000, 0x00000000ca000000| Complete 
| 129|0x00000000ca100000, 0x00000000ca200000, 0x00000000ca200000|100%| E|CS|TAMS 0x00000000ca100000, 0x00000000ca100000| Complete 
| 130|0x00000000ca200000, 0x00000000ca300000, 0x00000000ca300000|100%| E|CS|TAMS 0x00000000ca200000, 0x00000000ca200000| Complete 
| 131|0x00000000ca300000, 0x00000000ca400000, 0x00000000ca400000|100%| E|CS|TAMS 0x00000000ca300000, 0x00000000ca300000| Complete 
| 132|0x00000000ca400000, 0x00000000ca500000, 0x00000000ca500000|100%| E|CS|TAMS 0x00000000ca400000, 0x00000000ca400000| Complete 
| 133|0x00000000ca500000, 0x00000000ca600000, 0x00000000ca600000|100%| E|CS|TAMS 0x00000000ca500000, 0x00000000ca500000| Complete 
| 134|0x00000000ca600000, 0x00000000ca700000, 0x00000000ca700000|100%| E|CS|TAMS 0x00000000ca600000, 0x00000000ca600000| Complete 
| 135|0x00000000ca700000, 0x00000000ca800000, 0x00000000ca800000|100%| E|CS|TAMS 0x00000000ca700000, 0x00000000ca700000| Complete 
| 136|0x00000000ca800000, 0x00000000ca900000, 0x00000000ca900000|100%| E|CS|TAMS 0x00000000ca800000, 0x00000000ca800000| Complete 
| 137|0x00000000ca900000, 0x00000000caa00000, 0x00000000caa00000|100%| E|CS|TAMS 0x00000000ca900000, 0x00000000ca900000| Complete 
| 138|0x00000000caa00000, 0x00000000cab00000, 0x00000000cab00000|100%| E|CS|TAMS 0x00000000caa00000, 0x00000000caa00000| Complete 
| 139|0x00000000cab00000, 0x00000000cac00000, 0x00000000cac00000|100%| E|CS|TAMS 0x00000000cab00000, 0x00000000cab00000| Complete 
| 140|0x00000000cac00000, 0x00000000cad00000, 0x00000000cad00000|100%| E|CS|TAMS 0x00000000cac00000, 0x00000000cac00000| Complete 
| 141|0x00000000cad00000, 0x00000000cae00000, 0x00000000cae00000|100%| E|CS|TAMS 0x00000000cad00000, 0x00000000cad00000| Complete 
| 142|0x00000000cae00000, 0x00000000caf00000, 0x00000000caf00000|100%| E|CS|TAMS 0x00000000cae00000, 0x00000000cae00000| Complete 

Card table byte_map: [0x000001f372b90000,0x000001f372d80000] _byte_map_base: 0x000001f372580000

Marking Bits (Prev, Next): (CMBitMap*) 0x000001f369fe1838, (CMBitMap*) 0x000001f369fe1870
 Prev Bits: [0x000001f372f70000, 0x000001f373ef0000)
 Next Bits: [0x000001f373ef0000, 0x000001f374e70000)

Polling page: 0x000001f36a0a0000

Metaspace:

Usage:
  Non-class:     21.60 MB capacity,    21.16 MB ( 98%) used,   383.07 KB (  2%) free+waste,    70.63 KB ( <1%) overhead. 
      Class:      3.01 MB capacity,     2.73 MB ( 91%) used,   246.35 KB (  8%) free+waste,    34.25 KB (  1%) overhead. 
       Both:     24.61 MB capacity,    23.89 MB ( 97%) used,   629.42 KB (  2%) free+waste,   104.88 KB ( <1%) overhead. 

Virtual space:
  Non-class space:       22.00 MB reserved,      21.92 MB (>99%) committed 
      Class space:        1.00 GB reserved,       3.32 MB ( <1%) committed 
             Both:        1.02 GB reserved,      25.25 MB (  2%) committed 

Chunk freelists:
   Non-Class:  41.25 KB
       Class:  26.88 KB
        Both:  68.13 KB

CodeHeap 'non-profiled nmethods': size=120064Kb used=2528Kb max_used=2566Kb free=117535Kb
 bounds [0x000001f307ac0000, 0x000001f307d50000, 0x000001f30f000000]
CodeHeap 'profiled nmethods': size=120000Kb used=7143Kb max_used=7321Kb free=112856Kb
 bounds [0x000001f300590000, 0x000001f300cd0000, 0x000001f307ac0000]
CodeHeap 'non-nmethods': size=5696Kb used=1407Kb max_used=1452Kb free=4288Kb
 bounds [0x000001f300000000, 0x000001f300270000, 0x000001f300590000]
 total_blobs=5551 nmethods=3338 adapters=604
 compilation: enabled
              stopped_count=0, restarted_count=0
 full_count=0

Compilation events (10 events):
Event: 2082.999 Thread 0x000001f377c89800 3962       2       StringHelper::quickSubstring (25 bytes)
Event: 2083.002 Thread 0x000001f377c89800 nmethod 3962 0x000001f300883490 code [0x000001f300883700, 0x000001f300883d50]
Event: 2083.006 Thread 0x000001f377c89800 3963       2       javax.swing.JComponent::setToolTipText (39 bytes)
Event: 2083.007 Thread 0x000001f377c89800 nmethod 3963 0x000001f300943110 code [0x000001f300943360, 0x000001f300943f10]
Event: 2083.064 Thread 0x000001f377c89800 3966       2       StringHelper::filterOutTags (67 bytes)
Event: 2083.068 Thread 0x000001f377c89800 nmethod 3966 0x000001f300940a90 code [0x000001f300940e00, 0x000001f300941c70]
Event: 2083.068 Thread 0x000001f377c89800 3967       2       EasyButton::<init> (23 bytes)
Event: 2083.069 Thread 0x000001f377c89800 nmethod 3967 0x000001f30087de10 code [0x000001f30087e040, 0x000001f30087e430]
Event: 2083.080 Thread 0x000001f377c89800 3968       2       javax.swing.BoxLayout::checkRequests (260 bytes)
Event: 2083.082 Thread 0x000001f377c89800 nmethod 3968 0x000001f30093ee10 code [0x000001f30093f160, 0x000001f3009401d0]

GC Heap History (10 events):
Event: 2082.741 GC heap before
{Heap before GC invocations=39 (full 0):
 garbage-first heap   total 63488K, used 53430K [0x00000000c2000000, 0x0000000100000000)
  region size 1024K, 3 young (3072K), 1 survivors (1024K)
 Metaspace       used 24330K, capacity 25057K, committed 25724K, reserved 1071104K
  class space    used 2771K, capacity 3036K, committed 3276K, reserved 1048576K
}
Event: 2082.743 GC heap after
{Heap after GC invocations=40 (full 0):
 garbage-first heap   total 63488K, used 51671K [0x00000000c2000000, 0x0000000100000000)
  region size 1024K, 1 young (1024K), 1 survivors (1024K)
 Metaspace       used 24330K, capacity 25057K, committed 25724K, reserved 1071104K
  class space    used 2771K, capacity 3036K, committed 3276K, reserved 1048576K
}
Event: 2082.749 GC heap before
{Heap before GC invocations=40 (full 0):
 garbage-first heap   total 63488K, used 53719K [0x00000000c2000000, 0x0000000100000000)
  region size 1024K, 3 young (3072K), 1 survivors (1024K)
 Metaspace       used 24330K, capacity 25057K, committed 25724K, reserved 1071104K
  class space    used 2771K, capacity 3036K, committed 3276K, reserved 1048576K
}
Event: 2082.751 GC heap after
{Heap after GC invocations=41 (full 0):
 garbage-first heap   total 63488K, used 51946K [0x00000000c2000000, 0x0000000100000000)
  region size 1024K, 1 young (1024K), 1 survivors (1024K)
 Metaspace       used 24330K, capacity 25057K, committed 25724K, reserved 1071104K
  class space    used 2771K, capacity 3036K, committed 3276K, reserved 1048576K
}
Event: 2082.758 GC heap before
{Heap before GC invocations=41 (full 0):
 garbage-first heap   total 63488K, used 53994K [0x00000000c2000000, 0x0000000100000000)
  region size 1024K, 3 young (3072K), 1 survivors (1024K)
 Metaspace       used 24330K, capacity 25057K, committed 25724K, reserved 1071104K
  class space    used 2771K, capacity 3036K, committed 3276K, reserved 1048576K
}
Event: 2082.760 GC heap after
{Heap after GC invocations=42 (full 0):
 garbage-first heap   total 63488K, used 52289K [0x00000000c2000000, 0x0000000100000000)
  region size 1024K, 1 young (1024K), 1 survivors (1024K)
 Metaspace       used 24330K, capacity 25057K, committed 25724K, reserved 1071104K
  class space    used 2771K, capacity 3036K, committed 3276K, reserved 1048576K
}
Event: 2082.770 GC heap before
{Heap before GC invocations=42 (full 0):
 garbage-first heap   total 63488K, used 54337K [0x00000000c2000000, 0x0000000100000000)
  region size 1024K, 3 young (3072K), 1 survivors (1024K)
 Metaspace       used 24330K, capacity 25057K, committed 25724K, reserved 1071104K
  class space    used 2771K, capacity 3036K, committed 3276K, reserved 1048576K
}
Event: 2082.772 GC heap after
{Heap after GC invocations=43 (full 0):
 garbage-first heap   total 63488K, used 52548K [0x00000000c2000000, 0x0000000100000000)
  region size 1024K, 1 young (1024K), 1 survivors (1024K)
 Metaspace       used 24330K, capacity 25057K, committed 25724K, reserved 1071104K
  class space    used 2771K, capacity 3036K, committed 3276K, reserved 1048576K
}
Event: 2082.780 GC heap before
{Heap before GC invocations=43 (full 0):
 garbage-first heap   total 63488K, used 54596K [0x00000000c2000000, 0x0000000100000000)
  region size 1024K, 3 young (3072K), 1 survivors (1024K)
 Metaspace       used 24330K, capacity 25057K, committed 25724K, reserved 1071104K
  class space    used 2771K, capacity 3036K, committed 3276K, reserved 1048576K
}
Event: 2082.785 GC heap after
{Heap after GC invocations=44 (full 0):
 garbage-first heap   total 146432K, used 52827K [0x00000000c2000000, 0x0000000100000000)
  region size 1024K, 1 young (1024K), 1 survivors (1024K)
 Metaspace       used 24330K, capacity 25057K, committed 25724K, reserved 1071104K
  class space    used 2771K, capacity 3036K, committed 3276K, reserved 1048576K
}

Deoptimization events (10 events):
Event: 2082.631 Thread 0x000001f37d257800 Uncommon trap: reason=profile_predicate action=maybe_recompile pc=0x000001f307d3fac0 method=java.lang.StringLatin1.indexOf([BI[BII)I @ 18 c2
Event: 2082.631 Thread 0x000001f37d257800 Uncommon trap: reason=profile_predicate action=maybe_recompile pc=0x000001f307d3fac0 method=java.lang.StringLatin1.indexOf([BI[BII)I @ 18 c2
Event: 2082.632 Thread 0x000001f37d257800 Uncommon trap: reason=array_check action=maybe_recompile pc=0x000001f307c58b60 method=java.util.TimSort.binarySort([Ljava/lang/Object;IIILjava/util/Comparator;)V @ 183 c2
Event: 2082.632 Thread 0x000001f37d257800 Uncommon trap: reason=array_check action=maybe_recompile pc=0x000001f307c58b60 method=java.util.TimSort.binarySort([Ljava/lang/Object;IIILjava/util/Comparator;)V @ 183 c2
Event: 2082.632 Thread 0x000001f37d257800 Uncommon trap: reason=array_check action=maybe_recompile pc=0x000001f307c58b60 method=java.util.TimSort.binarySort([Ljava/lang/Object;IIILjava/util/Comparator;)V @ 183 c2
Event: 2082.633 Thread 0x000001f37d257800 Uncommon trap: reason=array_check action=maybe_recompile pc=0x000001f307c58a70 method=java.util.TimSort.binarySort([Ljava/lang/Object;IIILjava/util/Comparator;)V @ 193 c2
Event: 2082.633 Thread 0x000001f37d257800 Uncommon trap: reason=array_check action=maybe_recompile pc=0x000001f307c58b60 method=java.util.TimSort.binarySort([Ljava/lang/Object;IIILjava/util/Comparator;)V @ 183 c2
Event: 2082.665 Thread 0x000001f37d257800 Uncommon trap: reason=array_check action=maybe_recompile pc=0x000001f307d41414 method=java.util.TimSort.binarySort([Ljava/lang/Object;IIILjava/util/Comparator;)V @ 215 c2
Event: 2082.665 Thread 0x000001f37d257800 Uncommon trap: reason=array_check action=maybe_recompile pc=0x000001f307d41414 method=java.util.TimSort.binarySort([Ljava/lang/Object;IIILjava/util/Comparator;)V @ 215 c2
Event: 2082.907 Thread 0x000001f37d257800 Uncommon trap: reason=class_check action=maybe_recompile pc=0x000001f307c3e300 method=java.awt.Component.setBackground(Ljava/awt/Color;)V @ 30 c2

Classes redefined (0 events):
No events

Internal exceptions (10 events):
Event: 2082.942 Thread 0x000001f37d257800 Exception <a 'java/lang/ClassCastException'{0x00000000c95a1898}: class javax.swing.JMenu cannot be cast to class VariableColor (javax.swing.JMenu is in module java.desktop of loader 'bootstrap'; VariableColor is in unnamed module of loader java.net.URLCla
Event: 2082.942 Thread 0x000001f37d257800 Exception <a 'java/lang/ClassCastException'{0x00000000c95a1c68}: class javax.swing.JMenu cannot be cast to class VariableColor (javax.swing.JMenu is in module java.desktop of loader 'bootstrap'; VariableColor is in unnamed module of loader java.net.URLCla
Event: 2082.942 Thread 0x000001f37d257800 Exception <a 'java/lang/ClassCastException'{0x00000000c95a2038}: class javax.swing.JMenu cannot be cast to class VariableColor (javax.swing.JMenu is in module java.desktop of loader 'bootstrap'; VariableColor is in unnamed module of loader java.net.URLCla
Event: 2082.942 Thread 0x000001f37d257800 Exception <a 'java/lang/ClassCastException'{0x00000000c95a2408}: class javax.swing.JMenu cannot be cast to class VariableColor (javax.swing.JMenu is in module java.desktop of loader 'bootstrap'; VariableColor is in unnamed module of loader java.net.URLCla
Event: 2082.942 Thread 0x000001f37d257800 Exception <a 'java/lang/ClassCastException'{0x00000000c95a27a0}: class OffsetEditor cannot be cast to class VariableColor (OffsetEditor and VariableColor are in unnamed module of loader java.net.URLClassLoader @763d72af)> (0x00000000c95a27a0) thrown at [t
Event: 2082.942 Thread 0x000001f37d257800 Exception <a 'java/lang/ClassCastException'{0x00000000c95a2b88}: class javax.swing.JSpinner cannot be cast to class VariableColor (javax.swing.JSpinner is in module java.desktop of loader 'bootstrap'; VariableColor is in unnamed module of loader java.net.
Event: 2082.942 Thread 0x000001f37d257800 Exception <a 'java/lang/ClassCastException'{0x00000000c95a2fa0}: class javax.swing.plaf.basic.BasicArrowButton cannot be cast to class VariableColor (javax.swing.plaf.basic.BasicArrowButton is in module java.desktop of loader 'bootstrap'; VariableColor is
Event: 2082.942 Thread 0x000001f37d257800 Exception <a 'java/lang/ClassCastException'{0x00000000c95a3398}: class javax.swing.plaf.basic.BasicArrowButton cannot be cast to class VariableColor (javax.swing.plaf.basic.BasicArrowButton is in module java.desktop of loader 'bootstrap'; VariableColor is
Event: 2082.943 Thread 0x000001f37d257800 Exception <a 'java/lang/ClassCastException'{0x00000000c95a3780}: class javax.swing.JSpinner$ListEditor cannot be cast to class VariableColor (javax.swing.JSpinner$ListEditor is in module java.desktop of loader 'bootstrap'; VariableColor is in unnamed modu
Event: 2082.943 Thread 0x000001f37d257800 Exception <a 'java/lang/ClassCastException'{0x00000000c95a3b80}: class javax.swing.JFormattedTextField cannot be cast to class VariableColor (javax.swing.JFormattedTextField is in module java.desktop of loader 'bootstrap'; VariableColor is in unnamed modu

Events (10 events):
Event: 2083.086 Executing VM operation: BulkRevokeBias
Event: 2083.115 Executing VM operation: BulkRevokeBias done
Event: 2083.117 Executing VM operation: BulkRevokeBias
Event: 2083.118 Executing VM operation: BulkRevokeBias done
Event: 2083.118 Executing VM operation: BulkRevokeBias
Event: 2083.119 Executing VM operation: BulkRevokeBias done
Event: 2083.123 Thread 0x000001f37d25e000 Thread added: 0x000001f37d25e000
Event: 2083.123 Executing VM operation: RevokeBias
Event: 2083.164 Executing VM operation: RevokeBias done
Event: 2083.164 Thread 0x000001f37d257800 Thread exited: 0x000001f37d257800


Dynamic libraries:
0x00007ff76b440000 - 0x00007ff76b485000 	C:\Program Files\BlueJ\jdk\bin\java.exe
0x00007ffa01f90000 - 0x00007ffa02185000 	C:\WINDOWS\SYSTEM32\ntdll.dll
0x00007ffa01d30000 - 0x00007ffa01ded000 	C:\WINDOWS\System32\KERNEL32.DLL
0x00007ff9ffb90000 - 0x00007ff9ffe58000 	C:\WINDOWS\System32\KERNELBASE.dll
0x00007ffa00f80000 - 0x00007ffa01120000 	C:\WINDOWS\System32\USER32.dll
0x00007ff9ff750000 - 0x00007ff9ff772000 	C:\WINDOWS\System32\win32u.dll
0x00007ffa000f0000 - 0x00007ffa0011a000 	C:\WINDOWS\System32\GDI32.dll
0x00007ff9ff930000 - 0x00007ff9ffa3b000 	C:\WINDOWS\System32\gdi32full.dll
0x00007ff9ff780000 - 0x00007ff9ff81d000 	C:\WINDOWS\System32\msvcp_win.dll
0x00007ff9ffa40000 - 0x00007ff9ffb40000 	C:\WINDOWS\System32\ucrtbase.dll
0x00007ff9ecf10000 - 0x00007ff9ed1aa000 	C:\WINDOWS\WinSxS\amd64_microsoft.windows.common-controls_6595b64144ccf1df_6.0.19041.844_none_ca00b6081b84eb1d\COMCTL32.dll
0x00007ffa01b70000 - 0x00007ffa01c0e000 	C:\WINDOWS\System32\msvcrt.dll
0x00007ffa00180000 - 0x00007ffa001b0000 	C:\WINDOWS\System32\IMM32.DLL
0x00007ff9f85c0000 - 0x00007ff9f85d6000 	C:\Program Files\BlueJ\jdk\bin\vcruntime140.dll
0x00007ff9deff0000 - 0x00007ff9df09a000 	C:\Program Files\BlueJ\jdk\bin\msvcp140.dll
0x00007ff9b3ca0000 - 0x00007ff9b47c3000 	C:\Program Files\BlueJ\jdk\bin\server\jvm.dll
0x00007ffa011e0000 - 0x00007ffa0128c000 	C:\WINDOWS\System32\ADVAPI32.dll
0x00007ffa01df0000 - 0x00007ffa01e8b000 	C:\WINDOWS\System32\sechost.dll
0x00007ffa00df0000 - 0x00007ffa00f1b000 	C:\WINDOWS\System32\RPCRT4.dll
0x00007ffa01e90000 - 0x00007ffa01e98000 	C:\WINDOWS\System32\PSAPI.DLL
0x00007ff9f93e0000 - 0x00007ff9f93ea000 	C:\WINDOWS\SYSTEM32\VERSION.dll
0x00007ff9eb450000 - 0x00007ff9eb459000 	C:\WINDOWS\SYSTEM32\WSOCK32.dll
0x00007ff9d6510000 - 0x00007ff9d6537000 	C:\WINDOWS\SYSTEM32\WINMM.dll
0x00007ffa01290000 - 0x00007ffa012fb000 	C:\WINDOWS\System32\WS2_32.dll
0x00007ff9fdfd0000 - 0x00007ff9fdfe2000 	C:\WINDOWS\SYSTEM32\kernel.appcore.dll
0x00007ff9f6620000 - 0x00007ff9f6631000 	C:\Program Files\BlueJ\jdk\bin\verify.dll
0x00007ff9fdcb0000 - 0x00007ff9fde94000 	C:\WINDOWS\SYSTEM32\DBGHELP.DLL
0x00007ff9f8150000 - 0x00007ff9f817c000 	C:\WINDOWS\SYSTEM32\dbgcore.DLL
0x00007ff9ff6d0000 - 0x00007ff9ff750000 	C:\WINDOWS\System32\bcryptPrimitives.dll
0x00007ff9f65f0000 - 0x00007ff9f6618000 	C:\Program Files\BlueJ\jdk\bin\java.dll
0x00007ff9f9a00000 - 0x00007ff9f9a37000 	C:\Program Files\BlueJ\jdk\bin\jdwp.dll
0x00007ff9f65d0000 - 0x00007ff9f65e6000 	C:\Program Files\BlueJ\jdk\bin\zip.dll
0x00007ff9f85b0000 - 0x00007ff9f85ba000 	C:\Program Files\BlueJ\jdk\bin\jimage.dll
0x00007ffa001b0000 - 0x00007ffa008f2000 	C:\WINDOWS\System32\SHELL32.dll
0x00007ff9fd450000 - 0x00007ff9fdbe0000 	C:\WINDOWS\SYSTEM32\windows.storage.dll
0x00007ffa01300000 - 0x00007ffa01655000 	C:\WINDOWS\System32\combase.dll
0x00007ff9ff070000 - 0x00007ff9ff09c000 	C:\WINDOWS\SYSTEM32\Wldp.dll
0x00007ffa01130000 - 0x00007ffa011de000 	C:\WINDOWS\System32\SHCORE.dll
0x00007ffa00900000 - 0x00007ffa00955000 	C:\WINDOWS\System32\shlwapi.dll
0x00007ff9ff610000 - 0x00007ff9ff62f000 	C:\WINDOWS\SYSTEM32\profapi.dll
0x00007ff9f68e0000 - 0x00007ff9f68eb000 	C:\Program Files\BlueJ\jdk\bin\dt_shmem.dll
0x00007ff9f4850000 - 0x00007ff9f4869000 	C:\Program Files\BlueJ\jdk\bin\net.dll
0x00007ff9fa4e0000 - 0x00007ff9fa5eb000 	C:\WINDOWS\SYSTEM32\WINHTTP.dll
0x00007ff9f3e70000 - 0x00007ff9f405e000 	C:\WINDOWS\SYSTEM32\urlmon.dll
0x00007ff9f3ba0000 - 0x00007ff9f3e50000 	C:\WINDOWS\SYSTEM32\iertutil.dll
0x00007ff9fede0000 - 0x00007ff9fee4a000 	C:\WINDOWS\system32\mswsock.dll
0x00007ff9f4830000 - 0x00007ff9f4843000 	C:\Program Files\BlueJ\jdk\bin\nio.dll
0x00007ff9d88c0000 - 0x00007ff9d8a5e000 	C:\Program Files\BlueJ\jdk\bin\awt.dll
0x00007ffa01890000 - 0x00007ffa0195d000 	C:\WINDOWS\System32\OLEAUT32.dll
0x00007ff9fb2b0000 - 0x00007ff9fb870000 	C:\WINDOWS\SYSTEM32\d2d1.dll
0x00007ff9fc520000 - 0x00007ff9fc5b0000 	C:\WINDOWS\SYSTEM32\apphelp.dll
0x00007ff9fc600000 - 0x00007ff9fc69e000 	C:\WINDOWS\system32\uxtheme.dll
0x00007ffa01c10000 - 0x00007ffa01d25000 	C:\WINDOWS\System32\MSCTF.dll
0x00007ffa01a40000 - 0x00007ffa01b6a000 	C:\WINDOWS\System32\ole32.dll
0x00007ff9fcaa0000 - 0x00007ff9fcacf000 	C:\WINDOWS\system32\DWMAPI.DLL
0x00007ff9d2ec0000 - 0x00007ff9d2fe6000 	C:\WINDOWS\system32\opengl32.dll
0x00007ff9d2e50000 - 0x00007ff9d2e7c000 	C:\WINDOWS\SYSTEM32\GLU32.dll
0x00007ff9e82b0000 - 0x00007ff9e8330000 	C:\Program Files\BlueJ\jdk\bin\freetype.dll
0x00007ff9e7e70000 - 0x00007ff9e7edf000 	C:\Program Files\BlueJ\jdk\bin\fontmanager.dll
0x00007ff9f9360000 - 0x00007ff9f9372000 	C:\Program Files\BlueJ\jdk\bin\jsound.dll
0x00007ff9e2bb0000 - 0x00007ff9e2c4c000 	C:\WINDOWS\SYSTEM32\DSOUND.dll
0x00007ff9ff540000 - 0x00007ff9ff58b000 	C:\WINDOWS\SYSTEM32\powrprof.dll
0x00007ff9e2b80000 - 0x00007ff9e2ba6000 	C:\WINDOWS\SYSTEM32\winmmbase.dll
0x00007ff9ff520000 - 0x00007ff9ff532000 	C:\WINDOWS\SYSTEM32\UMPDC.dll
0x00007ff9f99f0000 - 0x00007ff9f99f9000 	C:\Program Files\BlueJ\jdk\bin\prefs.dll
0x00007ffa01ea0000 - 0x00007ffa01f49000 	C:\WINDOWS\System32\clbcatq.dll
0x00007ff9f77e0000 - 0x00007ff9f7865000 	C:\WINDOWS\System32\MMDevApi.dll
0x00007ff9ff410000 - 0x00007ff9ff43c000 	C:\WINDOWS\System32\DEVOBJ.dll
0x00007ff9ffb40000 - 0x00007ff9ffb8e000 	C:\WINDOWS\System32\cfgmgr32.dll
0x00007ff9bedb0000 - 0x00007ff9bedf6000 	C:\WINDOWS\SYSTEM32\wdmaud.drv
0x00007ff9c5a90000 - 0x00007ff9c5a99000 	C:\WINDOWS\SYSTEM32\ksuser.dll
0x00007ff9f9280000 - 0x00007ff9f928a000 	C:\WINDOWS\SYSTEM32\AVRT.dll
0x00007ff9f6730000 - 0x00007ff9f68b1000 	C:\WINDOWS\SYSTEM32\AUDIOSES.DLL
0x00007ff9c5a80000 - 0x00007ff9c5a8d000 	C:\WINDOWS\SYSTEM32\msacm32.drv
0x00007ff9c5a60000 - 0x00007ff9c5a7e000 	C:\WINDOWS\SYSTEM32\MSACM32.dll
0x00007ff9beb90000 - 0x00007ff9beb9b000 	C:\WINDOWS\SYSTEM32\midimap.dll
0x00007ff9fca80000 - 0x00007ff9fca94000 	C:\WINDOWS\SYSTEM32\resourcepolicyclient.dll
0x00007ff9f24d0000 - 0x00007ff9f2684000 	C:\WINDOWS\SYSTEM32\WindowsCodecs.dll
0x00007ff9ffe60000 - 0x00007ff9ffe87000 	C:\WINDOWS\System32\bcrypt.dll
0x00007ff9d1400000 - 0x00007ff9d143e000 	C:\WINDOWS\system32\dataexchange.dll
0x00007ff9fabe0000 - 0x00007ff9fae44000 	C:\WINDOWS\system32\d3d11.dll
0x00007ff9fbda0000 - 0x00007ff9fbf85000 	C:\WINDOWS\system32\dcomp.dll
0x00007ff9fe010000 - 0x00007ff9fe104000 	C:\WINDOWS\system32\dxgi.dll
0x00007ff9fa2d0000 - 0x00007ff9fa4d1000 	C:\WINDOWS\system32\twinapi.appcore.dll
0x00007ff9f40c0000 - 0x00007ff9f41b9000 	C:\WINDOWS\SYSTEM32\textinputframework.dll
0x00007ff9fbf90000 - 0x00007ff9fc082000 	C:\WINDOWS\System32\CoreMessaging.dll
0x00007ff9fc090000 - 0x00007ff9fc3ee000 	C:\WINDOWS\System32\CoreUIComponents.dll
0x00007ff9fe450000 - 0x00007ff9fe483000 	C:\WINDOWS\SYSTEM32\ntmarta.dll
0x00007ff9fb8c0000 - 0x00007ff9fba14000 	C:\WINDOWS\SYSTEM32\wintypes.dll
0x00007ff9f5280000 - 0x00007ff9f52e6000 	C:\WINDOWS\system32\Oleacc.dll
0x00007ff9f66e0000 - 0x00007ff9f66e9000 	C:\Program Files\BlueJ\jdk\bin\management.dll
0x00007ff9f66b0000 - 0x00007ff9f66bc000 	C:\Program Files\BlueJ\jdk\bin\management_ext.dll
0x00007ff9e7e50000 - 0x00007ff9e7e67000 	C:\WINDOWS\system32\napinsp.dll
0x00007ff9e3690000 - 0x00007ff9e36ab000 	C:\WINDOWS\system32\pnrpnsp.dll
0x00007ff9f8fa0000 - 0x00007ff9f8fb5000 	C:\WINDOWS\system32\wshbth.dll
0x00007ff9fa640000 - 0x00007ff9fa65d000 	C:\WINDOWS\system32\NLAapi.dll
0x00007ff9fead0000 - 0x00007ff9feb0b000 	C:\WINDOWS\SYSTEM32\IPHLPAPI.DLL
0x00007ff9feb10000 - 0x00007ff9febdc000 	C:\WINDOWS\SYSTEM32\DNSAPI.dll
0x00007ffa00050000 - 0x00007ffa00058000 	C:\WINDOWS\System32\NSI.dll
0x00007ff9e3570000 - 0x00007ff9e3582000 	C:\WINDOWS\System32\winrnr.dll
0x00007ff9f7150000 - 0x00007ff9f715a000 	C:\Windows\System32\rasadhlp.dll
0x00007ff9f69b0000 - 0x00007ff9f6a2f000 	C:\WINDOWS\System32\fwpuclnt.dll
0x000001f37c490000 - 0x000001f37c493000 	C:\Program Files\BlueJ\lib\javafx\bin\api-ms-win-core-console-l1-1-0.dll
0x000001f37c5e0000 - 0x000001f37c5e3000 	C:\Program Files\BlueJ\lib\javafx\bin\api-ms-win-core-datetime-l1-1-0.dll
0x000001f37c5f0000 - 0x000001f37c5f3000 	C:\Program Files\BlueJ\lib\javafx\bin\api-ms-win-core-debug-l1-1-0.dll
0x000001f37ca10000 - 0x000001f37ca13000 	C:\Program Files\BlueJ\lib\javafx\bin\api-ms-win-core-errorhandling-l1-1-0.dll
0x000001f37ca20000 - 0x000001f37ca24000 	C:\Program Files\BlueJ\lib\javafx\bin\api-ms-win-core-file-l1-1-0.dll
0x000001f37ca30000 - 0x000001f37ca33000 	C:\Program Files\BlueJ\lib\javafx\bin\api-ms-win-core-file-l1-2-0.dll
0x000001f37ca40000 - 0x000001f37ca43000 	C:\Program Files\BlueJ\lib\javafx\bin\api-ms-win-core-file-l2-1-0.dll
0x000001f37ca50000 - 0x000001f37ca53000 	C:\Program Files\BlueJ\lib\javafx\bin\api-ms-win-core-handle-l1-1-0.dll
0x000001f37ca60000 - 0x000001f37ca63000 	C:\Program Files\BlueJ\lib\javafx\bin\api-ms-win-core-heap-l1-1-0.dll
0x000001f37ca70000 - 0x000001f37ca73000 	C:\Program Files\BlueJ\lib\javafx\bin\api-ms-win-core-interlocked-l1-1-0.dll
0x000001f37ca80000 - 0x000001f37ca83000 	C:\Program Files\BlueJ\lib\javafx\bin\api-ms-win-core-libraryloader-l1-1-0.dll
0x000001f37ca90000 - 0x000001f37ca93000 	C:\Program Files\BlueJ\lib\javafx\bin\api-ms-win-core-localization-l1-2-0.dll
0x000001f37caa0000 - 0x000001f37caa3000 	C:\Program Files\BlueJ\lib\javafx\bin\api-ms-win-core-memory-l1-1-0.dll
0x000001f37cab0000 - 0x000001f37cab3000 	C:\Program Files\BlueJ\lib\javafx\bin\api-ms-win-core-namedpipe-l1-1-0.dll
0x000001f37cac0000 - 0x000001f37cac3000 	C:\Program Files\BlueJ\lib\javafx\bin\api-ms-win-core-processenvironment-l1-1-0.dll
0x000001f37cad0000 - 0x000001f37cad3000 	C:\Program Files\BlueJ\lib\javafx\bin\api-ms-win-core-processthreads-l1-1-0.dll
0x000001f37cae0000 - 0x000001f37cae3000 	C:\Program Files\BlueJ\lib\javafx\bin\api-ms-win-core-processthreads-l1-1-1.dll
0x000001f37caf0000 - 0x000001f37caf3000 	C:\Program Files\BlueJ\lib\javafx\bin\api-ms-win-core-profile-l1-1-0.dll
0x000001f37cb00000 - 0x000001f37cb03000 	C:\Program Files\BlueJ\lib\javafx\bin\api-ms-win-core-rtlsupport-l1-1-0.dll
0x000001f37cb10000 - 0x000001f37cb13000 	C:\Program Files\BlueJ\lib\javafx\bin\api-ms-win-core-string-l1-1-0.dll
0x000001f37cb20000 - 0x000001f37cb23000 	C:\Program Files\BlueJ\lib\javafx\bin\api-ms-win-core-synch-l1-1-0.dll
0x000001f37cb30000 - 0x000001f37cb33000 	C:\Program Files\BlueJ\lib\javafx\bin\api-ms-win-core-synch-l1-2-0.dll
0x000001f37cb40000 - 0x000001f37cb43000 	C:\Program Files\BlueJ\lib\javafx\bin\api-ms-win-core-sysinfo-l1-1-0.dll
0x000001f37cb50000 - 0x000001f37cb53000 	C:\Program Files\BlueJ\lib\javafx\bin\api-ms-win-core-timezone-l1-1-0.dll
0x000001f37cb60000 - 0x000001f37cb63000 	C:\Program Files\BlueJ\lib\javafx\bin\api-ms-win-core-util-l1-1-0.dll
0x000001f37cb70000 - 0x000001f37cb73000 	C:\Program Files\BlueJ\lib\javafx\bin\api-ms-win-crt-conio-l1-1-0.dll

dbghelp: loaded successfully - version: 4.0.5 - missing functions: none
symbol engine: initialized successfully - sym options: 0x614 - pdb path: .;C:\Program Files\BlueJ\jdk\bin;C:\WINDOWS\SYSTEM32;C:\WINDOWS\WinSxS\amd64_microsoft.windows.common-controls_6595b64144ccf1df_6.0.19041.844_none_ca00b6081b84eb1d;C:\Program Files\BlueJ\jdk\bin\server;C:\Program Files\BlueJ\lib\javafx\bin;C:\WINDOWS\System32\DriverStore\FileRepository\igdlh64.inf_amd64_baab50003164cdd5

VM Arguments:
jvm_args: -ea -agentlib:jdwp=transport=dt_shmem,address=javadebug -Dfile.encoding=UTF-8 
java_command: bluej.runtime.ExecServer UTF-8
java_class_path (initial): C:\Program Files\BlueJ\lib\bluejcore.jar;C:\Program Files\BlueJ\lib\junit-4.12.jar;C:\Program Files\BlueJ\lib\junit-jupiter-5.5.2.jar;C:\Program Files\BlueJ\lib\junit-jupiter-api-5.5.2.jar;C:\Program Files\BlueJ\lib\junit-jupiter-engine-5.5.2.jar;C:\Program Files\BlueJ\lib\junit-jupiter-migrationsupport-5.5.2.jar;C:\Program Files\BlueJ\lib\junit-jupiter-params-5.5.2.jar;C:\Program Files\BlueJ\lib\junit-platform-commons-1.5.2.jar;C:\Program Files\BlueJ\lib\junit-platform-console-1.5.2.jar;C:\Program Files\BlueJ\lib\junit-platform-console-standalone-1.5.2.jar;C:\Program Files\BlueJ\lib\junit-platform-engine-1.5.2.jar;C:\Program Files\BlueJ\lib\junit-platform-launcher-1.5.2.jar;C:\Program Files\BlueJ\lib\junit-platform-reporting-1.5.2.jar;C:\Program Files\BlueJ\lib\junit-platform-runner-1.5.2.jar;C:\Program Files\BlueJ\lib\junit-platform-suite-api-1.5.2.jar;C:\Program Files\BlueJ\lib\junit-platform-testkit-1.5.2.jar;C:\Program Files\BlueJ\lib\junit-quickcheck-core-0.9.jar;C:\Program Files\BlueJ\lib\junit-vintage-engine-5.5.2.jar;C:\Program Files\BlueJ\lib\hamcrest-core-1.3.jar;C:\Program Files\BlueJ\lib\hamcrest-library-1.3.jar;C:\Program Files\BlueJ\lib\lang-stride.jar;C:\Program Files\BlueJ\lib\javafx\lib\javafx.base.jar;C:\Program Files\BlueJ\lib\javafx\lib\javafx.controls.jar;C:\Program Files\BlueJ\lib\javafx\lib\javafx.fxml.jar;C:\Program Files\BlueJ\lib\javafx\lib\javafx.graphics.jar;C:\Program Files\BlueJ\lib\javafx\lib\javafx.media.jar;C:\Program Files\BlueJ\lib\javafx\lib\javafx.properties.jar;C:\Program Files\BlueJ\lib\javafx\lib\javafx.swing.jar;C:\Program Files\BlueJ\lib\javafx\lib\javafx.web.jar;C:\Program Files\BlueJ\lib\javafx\lib\javafx.base.jar;C:\Program Files\BlueJ\lib\javafx\lib\javafx.controls.jar;C:\Program Files\BlueJ\lib\javafx\lib\javafx.fxml.jar;C:\Program Files\BlueJ\lib\javafx\lib\javafx.graphics.jar;C:\Program Files\BlueJ\lib\javafx\lib\javafx.media.jar;C:\Program Files\BlueJ\lib\javafx\lib\javafx.properties.jar
Launcher Type: SUN_STANDARD

[Global flags]
     intx CICompilerCount                          = 3                                         {product} {ergonomic}
     uint ConcGCThreads                            = 1                                         {product} {ergonomic}
     uint G1ConcRefinementThreads                  = 4                                         {product} {ergonomic}
   size_t G1HeapRegionSize                         = 1048576                                   {product} {ergonomic}
    uintx GCDrainStackTargetSize                   = 64                                        {product} {ergonomic}
   size_t InitialHeapSize                          = 65011712                                  {product} {ergonomic}
   size_t MarkStackSize                            = 4194304                                   {product} {ergonomic}
   size_t MaxHeapSize                              = 1040187392                                {product} {ergonomic}
   size_t MaxNewSize                               = 623902720                                 {product} {ergonomic}
   size_t MinHeapDeltaBytes                        = 1048576                                   {product} {ergonomic}
    uintx NonNMethodCodeHeapSize                   = 5830092                                {pd product} {ergonomic}
    uintx NonProfiledCodeHeapSize                  = 122914074                              {pd product} {ergonomic}
    uintx ProfiledCodeHeapSize                     = 122914074                              {pd product} {ergonomic}
    uintx ReservedCodeCacheSize                    = 251658240                              {pd product} {ergonomic}
     bool SegmentedCodeCache                       = true                                      {product} {ergonomic}
     bool UseCompressedClassPointers               = true                                 {lp64_product} {ergonomic}
     bool UseCompressedOops                        = true                                 {lp64_product} {ergonomic}
     bool UseG1GC                                  = true                                      {product} {ergonomic}
     bool UseLargePagesIndividualAllocation        = false                                  {pd product} {ergonomic}

Logging:
Log output configuration:
 #0: stdout all=warning uptime,level,tags
 #1: stderr all=off uptime,level,tags

Environment Variables:
PATH=C:\Program Files (x86)\Common Files\Oracle\Java\javapath;C:\Program Files (x86)\Intel\iCLS Client\;C:\Program Files\Intel\iCLS Client\;C:\WINDOWS\system32;C:\WINDOWS;C:\WINDOWS\System32\Wbem;C:\WINDOWS\System32\WindowsPowerShell\v1.0\;C:\Program Files (x86)\Intel\Intel(R) Management Engine Components\DAL;C:\Program Files\Intel\Intel(R) Management Engine Components\DAL;C:\Program Files (x86)\Intel\Intel(R) Management Engine Components\IPT;C:\Program Files\Intel\Intel(R) Management Engine Components\IPT;C:\Program Files\dotnet\;C:\WINDOWS\System32\OpenSSH\;C:\Program Files\Git\cmd;C:\Users\caleb\AppData\Local\Microsoft\WindowsApps;
USERNAME=caleb
OS=Windows_NT
PROCESSOR_IDENTIFIER=Intel64 Family 6 Model 142 Stepping 9, GenuineIntel



---------------  S Y S T E M  ---------------

OS: Windows 10 , 64 bit Build 19041 (10.0.19041.928)

CPU:total 4 (initial active 4) (2 cores per cpu, 2 threads per core) family 6 model 142 stepping 9, cmov, cx8, fxsr, mmx, sse, sse2, sse3, ssse3, sse4.1, sse4.2, popcnt, avx, avx2, aes, clmul, erms, 3dnowpref, lzcnt, ht, tsc, tscinvbit, bmi1, bmi2, adx, fma

Memory: 4k page, system-wide physical 3960M (479M free)
TotalPageFile size 10269M (AvailPageFile size 3M)
current process WorkingSet (physical memory assigned to process): 238M, peak: 238M
current process commit charge ("private bytes"): 322M, peak: 323M

vm_info: OpenJDK 64-Bit Server VM (11.0.2+9) for windows-amd64 JRE (11.0.2+9), built on Jan 18 2019 05:23:22 by "mach5one" with MS VC++ 15.5 (VS2017)

END.
